2024-04-15T14:51:40.551+03:00  INFO 26704 --- [ms-news] [restartedMain] [                                                 ] c.s.g.GNewsMicroserviceApplication       : Starting GNewsMicroserviceApplication using Java 19.0.2 with PID 26704 (C:\Users\aviv\IdeaProjects\StarshipNBA\GNewsMicroservice\target\classes started by aviv in C:\Users\aviv\IdeaProjects\StarshipNBA)
2024-04-15T14:51:40.561+03:00 DEBUG 26704 --- [ms-news] [restartedMain] [                                                 ] c.s.g.GNewsMicroserviceApplication       : Running with Spring Boot v3.2.0, Spring v6.1.1
2024-04-15T14:51:40.563+03:00  INFO 26704 --- [ms-news] [restartedMain] [                                                 ] c.s.g.GNewsMicroserviceApplication       : No active profile set, falling back to 1 default profile: "default"
2024-04-15T14:51:40.639+03:00  INFO 26704 --- [ms-news] [restartedMain] [                                                 ] .e.DevToolsPropertyDefaultsPostProcessor : Devtools property defaults active! Set 'spring.devtools.add-properties' to 'false' to disable
2024-04-15T14:51:40.639+03:00  INFO 26704 --- [ms-news] [restartedMain] [                                                 ] .e.DevToolsPropertyDefaultsPostProcessor : For additional web related logging consider setting the 'logging.level.web' property to 'DEBUG'
2024-04-15T14:51:42.518+03:00  INFO 26704 --- [ms-news] [restartedMain] [                                                 ] .s.d.r.c.RepositoryConfigurationDelegate : Bootstrapping Spring Data MongoDB repositories in DEFAULT mode.
2024-04-15T14:51:42.727+03:00  INFO 26704 --- [ms-news] [restartedMain] [                                                 ] .s.d.r.c.RepositoryConfigurationDelegate : Finished Spring Data repository scanning in 203 ms. Found 1 MongoDB repository interface.
2024-04-15T14:51:43.122+03:00  INFO 26704 --- [ms-news] [restartedMain] [                                                 ] o.s.cloud.context.scope.GenericScope     : BeanFactory id=b071bb8a-5b2c-3298-b6b8-63e25160d1fc
2024-04-15T14:51:43.258+03:00  WARN 26704 --- [ms-news] [restartedMain] [                                                 ] trationDelegate$BeanPostProcessorChecker : Bean 'org.springframework.cloud.client.loadbalancer.LoadBalancerAutoConfiguration$LoadBalancerInterceptorConfig' of type [org.springframework.cloud.client.loadbalancer.LoadBalancerAutoConfiguration$LoadBalancerInterceptorConfig] is not eligible for getting processed by all BeanPostProcessors (for example: not eligible for auto-proxying). The currently created BeanPostProcessor [lbRestClientPostProcessor] is declared through a non-static factory method on that class; consider declaring it as static instead.
2024-04-15T14:51:43.262+03:00  WARN 26704 --- [ms-news] [restartedMain] [                                                 ] trationDelegate$BeanPostProcessorChecker : Bean 'org.springframework.cloud.loadbalancer.config.BlockingLoadBalancerClientAutoConfiguration' of type [org.springframework.cloud.loadbalancer.config.BlockingLoadBalancerClientAutoConfiguration] is not eligible for getting processed by all BeanPostProcessors (for example: not eligible for auto-proxying). Is this bean getting eagerly injected into a currently created BeanPostProcessor [lbRestClientPostProcessor]? Check the corresponding BeanPostProcessor declaration and its dependencies.
2024-04-15T14:51:43.263+03:00  WARN 26704 --- [ms-news] [restartedMain] [                                                 ] trationDelegate$BeanPostProcessorChecker : Bean 'org.springframework.cloud.loadbalancer.config.LoadBalancerAutoConfiguration' of type [org.springframework.cloud.loadbalancer.config.LoadBalancerAutoConfiguration] is not eligible for getting processed by all BeanPostProcessors (for example: not eligible for auto-proxying). Is this bean getting eagerly injected into a currently created BeanPostProcessor [lbRestClientPostProcessor]? Check the corresponding BeanPostProcessor declaration and its dependencies.
2024-04-15T14:51:43.275+03:00  WARN 26704 --- [ms-news] [restartedMain] [                                                 ] trationDelegate$BeanPostProcessorChecker : Bean 'org.springframework.cloud.commons.config.CommonsConfigAutoConfiguration' of type [org.springframework.cloud.commons.config.CommonsConfigAutoConfiguration] is not eligible for getting processed by all BeanPostProcessors (for example: not eligible for auto-proxying). Is this bean getting eagerly injected into a currently created BeanPostProcessor [lbRestClientPostProcessor]? Check the corresponding BeanPostProcessor declaration and its dependencies.
2024-04-15T14:51:43.278+03:00  WARN 26704 --- [ms-news] [restartedMain] [                                                 ] trationDelegate$BeanPostProcessorChecker : Bean 'org.springframework.cloud.client.loadbalancer.LoadBalancerDefaultMappingsProviderAutoConfiguration' of type [org.springframework.cloud.client.loadbalancer.LoadBalancerDefaultMappingsProviderAutoConfiguration] is not eligible for getting processed by all BeanPostProcessors (for example: not eligible for auto-proxying). Is this bean getting eagerly injected into a currently created BeanPostProcessor [lbRestClientPostProcessor]? Check the corresponding BeanPostProcessor declaration and its dependencies.
2024-04-15T14:51:43.279+03:00  WARN 26704 --- [ms-news] [restartedMain] [                                                 ] trationDelegate$BeanPostProcessorChecker : Bean 'loadBalancerClientsDefaultsMappingsProvider' of type [org.springframework.cloud.client.loadbalancer.LoadBalancerDefaultMappingsProviderAutoConfiguration$$Lambda$646/0x00000008014226b8] is not eligible for getting processed by all BeanPostProcessors (for example: not eligible for auto-proxying). Is this bean getting eagerly injected into a currently created BeanPostProcessor [lbRestClientPostProcessor]? Check the corresponding BeanPostProcessor declaration and its dependencies.
2024-04-15T14:51:43.280+03:00  WARN 26704 --- [ms-news] [restartedMain] [                                                 ] trationDelegate$BeanPostProcessorChecker : Bean 'defaultsBindHandlerAdvisor' of type [org.springframework.cloud.commons.config.DefaultsBindHandlerAdvisor] is not eligible for getting processed by all BeanPostProcessors (for example: not eligible for auto-proxying). Is this bean getting eagerly injected into a currently created BeanPostProcessor [lbRestClientPostProcessor]? Check the corresponding BeanPostProcessor declaration and its dependencies.
2024-04-15T14:51:43.291+03:00  WARN 26704 --- [ms-news] [restartedMain] [                                                 ] trationDelegate$BeanPostProcessorChecker : Bean 'spring.cloud.loadbalancer-org.springframework.cloud.client.loadbalancer.LoadBalancerClientsProperties' of type [org.springframework.cloud.client.loadbalancer.LoadBalancerClientsProperties] is not eligible for getting processed by all BeanPostProcessors (for example: not eligible for auto-proxying). Is this bean getting eagerly injected into a currently created BeanPostProcessor [lbRestClientPostProcessor]? Check the corresponding BeanPostProcessor declaration and its dependencies.
2024-04-15T14:51:43.298+03:00  WARN 26704 --- [ms-news] [restartedMain] [                                                 ] trationDelegate$BeanPostProcessorChecker : Bean 'default.org.springframework.cloud.loadbalancer.config.LoadBalancerAutoConfiguration.LoadBalancerClientSpecification' of type [org.springframework.cloud.loadbalancer.annotation.LoadBalancerClientSpecification] is not eligible for getting processed by all BeanPostProcessors (for example: not eligible for auto-proxying). Is this bean getting eagerly injected into a currently created BeanPostProcessor [lbRestClientPostProcessor]? Check the corresponding BeanPostProcessor declaration and its dependencies.
2024-04-15T14:51:43.299+03:00  WARN 26704 --- [ms-news] [restartedMain] [                                                 ] trationDelegate$BeanPostProcessorChecker : Bean 'default.org.springframework.cloud.loadbalancer.config.BlockingLoadBalancerClientAutoConfiguration.LoadBalancerClientSpecification' of type [org.springframework.cloud.loadbalancer.annotation.LoadBalancerClientSpecification] is not eligible for getting processed by all BeanPostProcessors (for example: not eligible for auto-proxying). Is this bean getting eagerly injected into a currently created BeanPostProcessor [lbRestClientPostProcessor]? Check the corresponding BeanPostProcessor declaration and its dependencies.
2024-04-15T14:51:43.300+03:00  WARN 26704 --- [ms-news] [restartedMain] [                                                 ] trationDelegate$BeanPostProcessorChecker : Bean 'default.org.springframework.cloud.netflix.eureka.loadbalancer.LoadBalancerEurekaAutoConfiguration.LoadBalancerClientSpecification' of type [org.springframework.cloud.loadbalancer.annotation.LoadBalancerClientSpecification] is not eligible for getting processed by all BeanPostProcessors (for example: not eligible for auto-proxying). Is this bean getting eagerly injected into a currently created BeanPostProcessor [lbRestClientPostProcessor]? Check the corresponding BeanPostProcessor declaration and its dependencies.
2024-04-15T14:51:43.302+03:00  WARN 26704 --- [ms-news] [restartedMain] [                                                 ] trationDelegate$BeanPostProcessorChecker : Bean 'loadBalancerClientFactory' of type [org.springframework.cloud.loadbalancer.support.LoadBalancerClientFactory] is not eligible for getting processed by all BeanPostProcessors (for example: not eligible for auto-proxying). Is this bean getting eagerly injected into a currently created BeanPostProcessor [lbRestClientPostProcessor]? Check the corresponding BeanPostProcessor declaration and its dependencies.
2024-04-15T14:51:43.308+03:00  WARN 26704 --- [ms-news] [restartedMain] [                                                 ] trationDelegate$BeanPostProcessorChecker : Bean 'blockingLoadBalancerClient' of type [org.springframework.cloud.loadbalancer.blocking.client.BlockingLoadBalancerClient] is not eligible for getting processed by all BeanPostProcessors (for example: not eligible for auto-proxying). Is this bean getting eagerly injected into a currently created BeanPostProcessor [lbRestClientPostProcessor]? Check the corresponding BeanPostProcessor declaration and its dependencies.
2024-04-15T14:51:43.317+03:00  WARN 26704 --- [ms-news] [restartedMain] [                                                 ] trationDelegate$BeanPostProcessorChecker : Bean 'loadBalancerServiceInstanceCookieTransformer' of type [org.springframework.cloud.loadbalancer.core.LoadBalancerServiceInstanceCookieTransformer] is not eligible for getting processed by all BeanPostProcessors (for example: not eligible for auto-proxying). Is this bean getting eagerly injected into a currently created BeanPostProcessor [lbRestClientPostProcessor]? Check the corresponding BeanPostProcessor declaration and its dependencies.
2024-04-15T14:51:43.319+03:00  WARN 26704 --- [ms-news] [restartedMain] [                                                 ] trationDelegate$BeanPostProcessorChecker : Bean 'xForwarderHeadersTransformer' of type [org.springframework.cloud.loadbalancer.blocking.XForwardedHeadersTransformer] is not eligible for getting processed by all BeanPostProcessors (for example: not eligible for auto-proxying). Is this bean getting eagerly injected into a currently created BeanPostProcessor [lbRestClientPostProcessor]? Check the corresponding BeanPostProcessor declaration and its dependencies.
2024-04-15T14:51:43.321+03:00  WARN 26704 --- [ms-news] [restartedMain] [                                                 ] trationDelegate$BeanPostProcessorChecker : Bean 'org.springframework.cloud.client.loadbalancer.LoadBalancerAutoConfiguration' of type [org.springframework.cloud.client.loadbalancer.LoadBalancerAutoConfiguration] is not eligible for getting processed by all BeanPostProcessors (for example: not eligible for auto-proxying). Is this bean getting eagerly injected into a currently created BeanPostProcessor [lbRestClientPostProcessor]? Check the corresponding BeanPostProcessor declaration and its dependencies.
2024-04-15T14:51:43.323+03:00  WARN 26704 --- [ms-news] [restartedMain] [                                                 ] trationDelegate$BeanPostProcessorChecker : Bean 'loadBalancerRequestFactory' of type [org.springframework.cloud.client.loadbalancer.LoadBalancerRequestFactory] is not eligible for getting processed by all BeanPostProcessors (for example: not eligible for auto-proxying). Is this bean getting eagerly injected into a currently created BeanPostProcessor [lbRestClientPostProcessor]? Check the corresponding BeanPostProcessor declaration and its dependencies.
2024-04-15T14:51:43.324+03:00  WARN 26704 --- [ms-news] [restartedMain] [                                                 ] trationDelegate$BeanPostProcessorChecker : Bean 'loadBalancerInterceptor' of type [org.springframework.cloud.client.loadbalancer.LoadBalancerInterceptor] is not eligible for getting processed by all BeanPostProcessors (for example: not eligible for auto-proxying). Is this bean getting eagerly injected into a currently created BeanPostProcessor [lbRestClientPostProcessor]? Check the corresponding BeanPostProcessor declaration and its dependencies.
2024-04-15T14:51:43.326+03:00  WARN 26704 --- [ms-news] [restartedMain] [                                                 ] trationDelegate$BeanPostProcessorChecker : Bean 'org.springframework.cloud.client.loadbalancer.reactive.LoadBalancerBeanPostProcessorAutoConfiguration' of type [org.springframework.cloud.client.loadbalancer.reactive.LoadBalancerBeanPostProcessorAutoConfiguration] is not eligible for getting processed by all BeanPostProcessors (for example: not eligible for auto-proxying). The currently created BeanPostProcessor [loadBalancerWebClientBuilderBeanPostProcessor] is declared through a non-static factory method on that class; consider declaring it as static instead.
2024-04-15T14:51:43.328+03:00  WARN 26704 --- [ms-news] [restartedMain] [                                                 ] trationDelegate$BeanPostProcessorChecker : Bean 'org.springframework.cloud.client.loadbalancer.reactive.LoadBalancerBeanPostProcessorAutoConfiguration$ReactorDeferringLoadBalancerFilterConfig' of type [org.springframework.cloud.client.loadbalancer.reactive.LoadBalancerBeanPostProcessorAutoConfiguration$ReactorDeferringLoadBalancerFilterConfig] is not eligible for getting processed by all BeanPostProcessors (for example: not eligible for auto-proxying). Is this bean getting eagerly injected into a currently created BeanPostProcessor [loadBalancerWebClientBuilderBeanPostProcessor]? Check the corresponding BeanPostProcessor declaration and its dependencies.
2024-04-15T14:51:43.330+03:00  WARN 26704 --- [ms-news] [restartedMain] [                                                 ] trationDelegate$BeanPostProcessorChecker : Bean 'reactorDeferringLoadBalancerExchangeFilterFunction' of type [org.springframework.cloud.client.loadbalancer.reactive.DeferringLoadBalancerExchangeFilterFunction] is not eligible for getting processed by all BeanPostProcessors (for example: not eligible for auto-proxying). Is this bean getting eagerly injected into a currently created BeanPostProcessor [loadBalancerWebClientBuilderBeanPostProcessor]? Check the corresponding BeanPostProcessor declaration and its dependencies.
2024-04-15T14:51:43.953+03:00  INFO 26704 --- [ms-news] [restartedMain] [                                                 ] o.s.b.w.embedded.tomcat.TomcatWebServer  : Tomcat initialized with port 8083 (http)
2024-04-15T14:51:43.967+03:00  INFO 26704 --- [ms-news] [restartedMain] [                                                 ] o.apache.catalina.core.StandardService   : Starting service [Tomcat]
2024-04-15T14:51:43.967+03:00  INFO 26704 --- [ms-news] [restartedMain] [                                                 ] o.apache.catalina.core.StandardEngine    : Starting Servlet engine: [Apache Tomcat/10.1.16]
2024-04-15T14:51:44.125+03:00  INFO 26704 --- [ms-news] [restartedMain] [                                                 ] o.a.c.c.C.[Tomcat].[localhost].[/]       : Initializing Spring embedded WebApplicationContext
2024-04-15T14:51:44.126+03:00  INFO 26704 --- [ms-news] [restartedMain] [                                                 ] w.s.c.ServletWebServerApplicationContext : Root WebApplicationContext: initialization completed in 3485 ms
2024-04-15T14:51:45.117+03:00  INFO 26704 --- [ms-news] [restartedMain] [                                                 ] org.mongodb.driver.client                : MongoClient with metadata {"driver": {"name": "mongo-java-driver|sync|spring-boot", "version": "4.11.1"}, "os": {"type": "Windows", "name": "Windows 10", "architecture": "amd64", "version": "10.0"}, "platform": "Java/Amazon.com Inc./19.0.2+7-FR"} created with settings MongoClientSettings{readPreference=primary, writeConcern=WriteConcern{w=null, wTimeout=null ms, journal=null}, retryWrites=true, retryReads=true, readConcern=ReadConcern{level=null}, credential=null, transportSettings=null, streamFactoryFactory=null, commandListeners=[io.micrometer.core.instrument.binder.mongodb.MongoMetricsCommandListener@5579b82c], codecRegistry=ProvidersCodecRegistry{codecProviders=[ValueCodecProvider{}, BsonValueCodecProvider{}, DBRefCodecProvider{}, DBObjectCodecProvider{}, DocumentCodecProvider{}, CollectionCodecProvider{}, IterableCodecProvider{}, MapCodecProvider{}, GeoJsonCodecProvider{}, GridFSFileCodecProvider{}, Jsr310CodecProvider{}, JsonObjectCodecProvider{}, BsonCodecProvider{}, EnumCodecProvider{}, com.mongodb.client.model.mql.ExpressionCodecProvider@40e4eb80, com.mongodb.Jep395RecordCodecProvider@3a2ea4fa, com.mongodb.KotlinCodecProvider@4d4ccd89]}, loggerSettings=LoggerSettings{maxDocumentLength=1000}, clusterSettings={hosts=[localhost:27017], srvServiceName=mongodb, mode=SINGLE, requiredClusterType=UNKNOWN, requiredReplicaSetName='null', serverSelector='null', clusterListeners='[]', serverSelectionTimeout='30000 ms', localThreshold='15 ms'}, socketSettings=SocketSettings{connectTimeoutMS=10000, readTimeoutMS=0, receiveBufferSize=0, proxySettings=ProxySettings{host=null, port=null, username=null, password=null}}, heartbeatSocketSettings=SocketSettings{connectTimeoutMS=10000, readTimeoutMS=10000, receiveBufferSize=0, proxySettings=ProxySettings{host=null, port=null, username=null, password=null}}, connectionPoolSettings=ConnectionPoolSettings{maxSize=100, minSize=0, maxWaitTimeMS=120000, maxConnectionLifeTimeMS=0, maxConnectionIdleTimeMS=0, maintenanceInitialDelayMS=0, maintenanceFrequencyMS=60000, connectionPoolListeners=[io.micrometer.core.instrument.binder.mongodb.MongoMetricsConnectionPoolListener@6bca48db], maxConnecting=2}, serverSettings=ServerSettings{heartbeatFrequencyMS=10000, minHeartbeatFrequencyMS=500, serverListeners='[]', serverMonitorListeners='[]'}, sslSettings=SslSettings{enabled=false, invalidHostNameAllowed=false, context=null}, applicationName='null', compressorList=[], uuidRepresentation=JAVA_LEGACY, serverApi=null, autoEncryptionSettings=null, dnsClient=null, inetAddressResolver=null, contextProvider=null}
2024-04-15T14:51:45.167+03:00  INFO 26704 --- [ms-news] [cluster-ClusterId{value='661d14d0845a3a32f52742b3', description='null'}-localhost:27017] [                                                 ] org.mongodb.driver.cluster               : Monitor thread successfully connected to server with description ServerDescription{address=localhost:27017, type=STANDALONE, state=CONNECTED, ok=true, minWireVersion=0, maxWireVersion=21, maxDocumentSize=16777216, logicalSessionTimeoutMinutes=30, roundTripTimeNanos=37212100}
2024-04-15T14:51:45.386+03:00  WARN 26704 --- [ms-news] [restartedMain] [                                                 ] o.s.b.d.a.OptionalLiveReloadServer       : Unable to start LiveReload server
2024-04-15T14:51:45.684+03:00  INFO 26704 --- [ms-news] [restartedMain] [                                                 ] c.s.g.service.ArticleServiceImpl         : ArticleService was created
2024-04-15T14:51:45.685+03:00  INFO 26704 --- [ms-news] [restartedMain] [                                                 ] c.s.g.controller.GNewsController         : GNewsController was created successfully
2024-04-15T14:51:45.687+03:00  INFO 26704 --- [ms-news] [restartedMain] [                                                 ] c.s.g.controller.GNewsController         : GNewsController init
2024-04-15T14:51:45.688+03:00 DEBUG 26704 --- [ms-news] [restartedMain] [                                                 ] c.s.g.controller.GNewsController         : Scheduled article import
2024-04-15T14:51:45.689+03:00 DEBUG 26704 --- [ms-news] [restartedMain] [                                                 ] c.s.g.service.ArticleServiceImpl         : ArticleService fetching articles from api
2024-04-15T14:51:45.691+03:00  INFO 26704 --- [ms-news] [restartedMain] [                                                 ] org.starship.commons.Fetcher             : creating new fetcher, repository constructor
2024-04-15T14:51:47.364+03:00 DEBUG 26704 --- [ms-news] [restartedMain] [                                                 ] c.s.gnewsmicroservice.model.Article      : new Article created
2024-04-15T14:51:47.364+03:00 DEBUG 26704 --- [ms-news] [restartedMain] [                                                 ] c.s.gnewsmicroservice.model.Article      : new Article created
2024-04-15T14:51:47.365+03:00 DEBUG 26704 --- [ms-news] [restartedMain] [                                                 ] c.s.gnewsmicroservice.model.Article      : new Article created
2024-04-15T14:51:47.365+03:00 DEBUG 26704 --- [ms-news] [restartedMain] [                                                 ] c.s.gnewsmicroservice.model.Article      : new Article created
2024-04-15T14:51:47.365+03:00 DEBUG 26704 --- [ms-news] [restartedMain] [                                                 ] c.s.gnewsmicroservice.model.Article      : new Article created
2024-04-15T14:51:47.365+03:00 DEBUG 26704 --- [ms-news] [restartedMain] [                                                 ] c.s.gnewsmicroservice.model.Article      : new Article created
2024-04-15T14:51:47.365+03:00 DEBUG 26704 --- [ms-news] [restartedMain] [                                                 ] c.s.gnewsmicroservice.model.Article      : new Article created
2024-04-15T14:51:47.365+03:00 DEBUG 26704 --- [ms-news] [restartedMain] [                                                 ] c.s.gnewsmicroservice.model.Article      : new Article created
2024-04-15T14:51:47.365+03:00 DEBUG 26704 --- [ms-news] [restartedMain] [                                                 ] c.s.gnewsmicroservice.model.Article      : new Article created
2024-04-15T14:51:47.365+03:00 DEBUG 26704 --- [ms-news] [restartedMain] [                                                 ] c.s.gnewsmicroservice.model.Article      : new Article created
2024-04-15T14:51:47.518+03:00  INFO 26704 --- [ms-news] [restartedMain] [                                                 ] org.starship.commons.Fetcher             : fetched data saved in repository
2024-04-15T14:51:47.518+03:00 DEBUG 26704 --- [ms-news] [restartedMain] [                                                 ] c.s.g.service.ArticleServiceImpl         : Articles fetched successfully
2024-04-15T14:51:47.518+03:00 DEBUG 26704 --- [ms-news] [restartedMain] [                                                 ] c.s.g.controller.GNewsController         : Articles imported
2024-04-15T14:51:49.016+03:00  INFO 26704 --- [ms-news] [restartedMain] [                                                 ] DiscoveryClientOptionalArgsConfiguration : Eureka HTTP Client uses RestTemplate.
2024-04-15T14:51:49.043+03:00  WARN 26704 --- [ms-news] [restartedMain] [                                                 ] iguration$LoadBalancerCaffeineWarnLogger : Spring Cloud LoadBalancer is currently working with the default cache. While this cache implementation is useful for development and tests, it's recommended to use Caffeine cache in production.You can switch to using Caffeine cache, by adding it and org.springframework.cache.caffeine.CaffeineCacheManager to the classpath.
2024-04-15T14:51:49.049+03:00  INFO 26704 --- [ms-news] [restartedMain] [                                                 ] o.s.b.a.e.web.EndpointLinksResolver      : Exposing 18 endpoint(s) beneath base path '/actuator'
2024-04-15T14:51:49.135+03:00  INFO 26704 --- [ms-news] [restartedMain] [                                                 ] o.s.c.n.eureka.InstanceInfoFactory       : Setting initial instance status as: STARTING
2024-04-15T14:51:49.191+03:00  INFO 26704 --- [ms-news] [restartedMain] [                                                 ] com.netflix.discovery.DiscoveryClient    : Initializing Eureka in region us-east-1
2024-04-15T14:51:49.199+03:00  INFO 26704 --- [ms-news] [restartedMain] [                                                 ] c.n.d.s.r.aws.ConfigClusterResolver      : Resolving eureka endpoints via configuration
2024-04-15T14:51:49.230+03:00  INFO 26704 --- [ms-news] [restartedMain] [                                                 ] com.netflix.discovery.DiscoveryClient    : Disable delta property : false
2024-04-15T14:51:49.231+03:00  INFO 26704 --- [ms-news] [restartedMain] [                                                 ] com.netflix.discovery.DiscoveryClient    : Single vip registry refresh property : null
2024-04-15T14:51:49.231+03:00  INFO 26704 --- [ms-news] [restartedMain] [                                                 ] com.netflix.discovery.DiscoveryClient    : Force full registry fetch : false
2024-04-15T14:51:49.231+03:00  INFO 26704 --- [ms-news] [restartedMain] [                                                 ] com.netflix.discovery.DiscoveryClient    : Application is null : false
2024-04-15T14:51:49.231+03:00  INFO 26704 --- [ms-news] [restartedMain] [                                                 ] com.netflix.discovery.DiscoveryClient    : Registered Applications size is zero : true
2024-04-15T14:51:49.231+03:00  INFO 26704 --- [ms-news] [restartedMain] [                                                 ] com.netflix.discovery.DiscoveryClient    : Application version is -1: true
2024-04-15T14:51:49.231+03:00  INFO 26704 --- [ms-news] [restartedMain] [                                                 ] com.netflix.discovery.DiscoveryClient    : Getting all instance registry info from the eureka server
2024-04-15T14:51:49.690+03:00  INFO 26704 --- [ms-news] [restartedMain] [                                                 ] com.netflix.discovery.DiscoveryClient    : The response status is 200
2024-04-15T14:51:49.692+03:00  INFO 26704 --- [ms-news] [restartedMain] [                                                 ] com.netflix.discovery.DiscoveryClient    : Starting heartbeat executor: renew interval is: 30
2024-04-15T14:51:49.695+03:00  INFO 26704 --- [ms-news] [restartedMain] [                                                 ] c.n.discovery.InstanceInfoReplicator     : InstanceInfoReplicator onDemand update allowed rate per min is 4
2024-04-15T14:51:49.700+03:00  INFO 26704 --- [ms-news] [restartedMain] [                                                 ] com.netflix.discovery.DiscoveryClient    : Discovery Client initialized at timestamp 1713181909700 with initial instances count: 0
2024-04-15T14:51:49.701+03:00  INFO 26704 --- [ms-news] [restartedMain] [                                                 ] o.s.c.n.e.s.EurekaServiceRegistry        : Registering application MS-NEWS with eureka with status UP
2024-04-15T14:51:49.702+03:00  INFO 26704 --- [ms-news] [restartedMain] [                                                 ] com.netflix.discovery.DiscoveryClient    : Saw local status change event StatusChangeEvent [timestamp=1713181909702, current=UP, previous=STARTING]
2024-04-15T14:51:49.706+03:00  INFO 26704 --- [ms-news] [DiscoveryClient-InstanceInfoReplicator-0] [                                                 ] com.netflix.discovery.DiscoveryClient    : DiscoveryClient_MS-NEWS/host.docker.internal:ms-news:8083: registering service...
2024-04-15T14:51:49.723+03:00  INFO 26704 --- [ms-news] [restartedMain] [                                                 ] o.s.b.w.embedded.tomcat.TomcatWebServer  : Tomcat started on port 8083 (http) with context path ''
2024-04-15T14:51:49.724+03:00  INFO 26704 --- [ms-news] [restartedMain] [                                                 ] .s.c.n.e.s.EurekaAutoServiceRegistration : Updating port to 8083
2024-04-15T14:51:49.890+03:00  INFO 26704 --- [ms-news] [DiscoveryClient-InstanceInfoReplicator-0] [                                                 ] com.netflix.discovery.DiscoveryClient    : DiscoveryClient_MS-NEWS/host.docker.internal:ms-news:8083 - registration status: 204
2024-04-15T14:51:50.296+03:00  INFO 26704 --- [ms-news] [restartedMain] [                                                 ] c.s.g.GNewsMicroserviceApplication       : Started GNewsMicroserviceApplication in 10.775 seconds (process running for 16.505)
2024-04-15T14:52:19.706+03:00  INFO 26704 --- [ms-news] [DiscoveryClient-CacheRefreshExecutor-0] [                                                 ] com.netflix.discovery.DiscoveryClient    : Disable delta property : false
2024-04-15T14:52:19.707+03:00  INFO 26704 --- [ms-news] [DiscoveryClient-CacheRefreshExecutor-0] [                                                 ] com.netflix.discovery.DiscoveryClient    : Single vip registry refresh property : null
2024-04-15T14:52:19.707+03:00  INFO 26704 --- [ms-news] [DiscoveryClient-CacheRefreshExecutor-0] [                                                 ] com.netflix.discovery.DiscoveryClient    : Force full registry fetch : false
2024-04-15T14:52:19.707+03:00  INFO 26704 --- [ms-news] [DiscoveryClient-CacheRefreshExecutor-0] [                                                 ] com.netflix.discovery.DiscoveryClient    : Application is null : false
2024-04-15T14:52:19.707+03:00  INFO 26704 --- [ms-news] [DiscoveryClient-CacheRefreshExecutor-0] [                                                 ] com.netflix.discovery.DiscoveryClient    : Registered Applications size is zero : true
2024-04-15T14:52:19.707+03:00  INFO 26704 --- [ms-news] [DiscoveryClient-CacheRefreshExecutor-0] [                                                 ] com.netflix.discovery.DiscoveryClient    : Application version is -1: false
2024-04-15T14:52:19.707+03:00  INFO 26704 --- [ms-news] [DiscoveryClient-CacheRefreshExecutor-0] [                                                 ] com.netflix.discovery.DiscoveryClient    : Getting all instance registry info from the eureka server
2024-04-15T14:52:19.730+03:00  INFO 26704 --- [ms-news] [DiscoveryClient-CacheRefreshExecutor-0] [                                                 ] com.netflix.discovery.DiscoveryClient    : The response status is 200
2024-04-15T14:52:47.561+03:00  INFO 26704 --- [ms-news] [http-nio-8083-exec-1] [                                                 ] o.a.c.c.C.[Tomcat].[localhost].[/]       : Initializing Spring DispatcherServlet 'dispatcherServlet'
2024-04-15T14:52:47.561+03:00  INFO 26704 --- [ms-news] [http-nio-8083-exec-1] [                                                 ] o.s.web.servlet.DispatcherServlet        : Initializing Servlet 'dispatcherServlet'
2024-04-15T14:52:47.563+03:00  INFO 26704 --- [ms-news] [http-nio-8083-exec-1] [                                                 ] o.s.web.servlet.DispatcherServlet        : Completed initialization in 2 ms
2024-04-15T14:52:47.619+03:00 DEBUG 26704 --- [ms-news] [http-nio-8083-exec-1] [661d150f053ee054b8f0bb5d4dcf3619-b8f0bb5d4dcf3619] c.s.g.controller.GNewsController         : searching for articles since 2024-04-15T09:52:47.619228
2024-04-15T14:52:47.619+03:00 DEBUG 26704 --- [ms-news] [http-nio-8083-exec-1] [661d150f053ee054b8f0bb5d4dcf3619-b8f0bb5d4dcf3619] c.s.g.service.ArticleServiceImpl         : ArticleService find all articles after given date
2024-04-15T14:52:47.692+03:00 DEBUG 26704 --- [ms-news] [http-nio-8083-exec-1] [661d150f053ee054b8f0bb5d4dcf3619-b8f0bb5d4dcf3619] c.s.gnewsmicroservice.model.Article      : new Article created
2024-04-15T14:52:47.694+03:00 DEBUG 26704 --- [ms-news] [http-nio-8083-exec-1] [661d150f053ee054b8f0bb5d4dcf3619-b8f0bb5d4dcf3619] c.s.gnewsmicroservice.model.Article      : new Article created
2024-04-15T14:52:47.694+03:00 DEBUG 26704 --- [ms-news] [http-nio-8083-exec-1] [661d150f053ee054b8f0bb5d4dcf3619-b8f0bb5d4dcf3619] c.s.gnewsmicroservice.model.Article      : new Article created
2024-04-15T14:52:47.694+03:00 DEBUG 26704 --- [ms-news] [http-nio-8083-exec-1] [661d150f053ee054b8f0bb5d4dcf3619-b8f0bb5d4dcf3619] c.s.gnewsmicroservice.model.Article      : new Article created
2024-04-15T14:52:47.695+03:00 DEBUG 26704 --- [ms-news] [http-nio-8083-exec-1] [661d150f053ee054b8f0bb5d4dcf3619-b8f0bb5d4dcf3619] c.s.gnewsmicroservice.model.Article      : new Article created
2024-04-15T14:52:47.695+03:00 DEBUG 26704 --- [ms-news] [http-nio-8083-exec-1] [661d150f053ee054b8f0bb5d4dcf3619-b8f0bb5d4dcf3619] c.s.gnewsmicroservice.model.Article      : new Article created
2024-04-15T14:52:47.696+03:00 DEBUG 26704 --- [ms-news] [http-nio-8083-exec-1] [661d150f053ee054b8f0bb5d4dcf3619-b8f0bb5d4dcf3619] c.s.gnewsmicroservice.model.Article      : new Article created
2024-04-15T14:52:47.696+03:00 DEBUG 26704 --- [ms-news] [http-nio-8083-exec-1] [661d150f053ee054b8f0bb5d4dcf3619-b8f0bb5d4dcf3619] c.s.gnewsmicroservice.model.Article      : new Article created
2024-04-15T14:52:47.696+03:00 DEBUG 26704 --- [ms-news] [http-nio-8083-exec-1] [661d150f053ee054b8f0bb5d4dcf3619-b8f0bb5d4dcf3619] c.s.gnewsmicroservice.model.Article      : new Article created
2024-04-15T14:52:47.697+03:00 DEBUG 26704 --- [ms-news] [http-nio-8083-exec-1] [661d150f053ee054b8f0bb5d4dcf3619-b8f0bb5d4dcf3619] c.s.gnewsmicroservice.model.Article      : new Article created
2024-04-15T14:52:48.778+03:00  WARN 26704 --- [ms-news] [AsyncReporter{org.springframework.boot.actuate.autoconfigure.tracing.zipkin.ZipkinWebClientSender@1c53bd68}] [                                                 ] z.r.AsyncReporter$BoundedAsyncReporter   : Spans were dropped due to exceptions. All subsequent errors will be logged at FINE level.
2024-04-15T14:52:48.778+03:00  WARN 26704 --- [ms-news] [AsyncReporter{org.springframework.boot.actuate.autoconfigure.tracing.zipkin.ZipkinWebClientSender@1c53bd68}] [                                                 ] z.r.AsyncReporter$BoundedAsyncReporter   : Dropped 2 spans due to WebClientRequestException(Connection refused: no further information: localhost/127.0.0.1:9411)

org.springframework.web.reactive.function.client.WebClientRequestException: Connection refused: no further information: localhost/127.0.0.1:9411
	at org.springframework.web.reactive.function.client.ExchangeFunctions$DefaultExchangeFunction.lambda$wrapException$9(ExchangeFunctions.java:136) ~[spring-webflux-6.1.1.jar:6.1.1]
	Suppressed: reactor.core.publisher.FluxOnAssembly$OnAssemblyException: 
Error has been observed at the following site(s):
	*__checkpoint ⇢ Request to POST http://localhost:9411/api/v2/spans [DefaultWebClient]
Original Stack Trace:
		at org.springframework.web.reactive.function.client.ExchangeFunctions$DefaultExchangeFunction.lambda$wrapException$9(ExchangeFunctions.java:136) ~[spring-webflux-6.1.1.jar:6.1.1]
		at reactor.core.publisher.MonoErrorSupplied.subscribe(MonoErrorSupplied.java:55) ~[reactor-core-3.6.0.jar:3.6.0]
		at reactor.core.publisher.Mono.subscribe(Mono.java:4512) ~[reactor-core-3.6.0.jar:3.6.0]
		at reactor.core.publisher.FluxOnErrorResume$ResumeSubscriber.onError(FluxOnErrorResume.java:103) ~[reactor-core-3.6.0.jar:3.6.0]
		at reactor.core.publisher.FluxPeek$PeekSubscriber.onError(FluxPeek.java:222) ~[reactor-core-3.6.0.jar:3.6.0]
		at reactor.core.publisher.FluxPeek$PeekSubscriber.onError(FluxPeek.java:222) ~[reactor-core-3.6.0.jar:3.6.0]
		at reactor.core.publisher.FluxPeek$PeekSubscriber.onError(FluxPeek.java:222) ~[reactor-core-3.6.0.jar:3.6.0]
		at reactor.core.publisher.MonoNext$NextSubscriber.onError(MonoNext.java:93) ~[reactor-core-3.6.0.jar:3.6.0]
		at reactor.core.publisher.MonoFlatMapMany$FlatMapManyMain.onError(MonoFlatMapMany.java:204) ~[reactor-core-3.6.0.jar:3.6.0]
		at reactor.core.publisher.SerializedSubscriber.onError(SerializedSubscriber.java:124) ~[reactor-core-3.6.0.jar:3.6.0]
		at reactor.core.publisher.FluxRetryWhen$RetryWhenMainSubscriber.whenError(FluxRetryWhen.java:228) ~[reactor-core-3.6.0.jar:3.6.0]
		at reactor.core.publisher.FluxRetryWhen$RetryWhenOtherSubscriber.onError(FluxRetryWhen.java:278) ~[reactor-core-3.6.0.jar:3.6.0]
		at reactor.core.publisher.FluxContextWrite$ContextWriteSubscriber.onError(FluxContextWrite.java:121) ~[reactor-core-3.6.0.jar:3.6.0]
		at reactor.core.publisher.FluxConcatMapNoPrefetch$FluxConcatMapNoPrefetchSubscriber.maybeOnError(FluxConcatMapNoPrefetch.java:326) ~[reactor-core-3.6.0.jar:3.6.0]
		at reactor.core.publisher.FluxConcatMapNoPrefetch$FluxConcatMapNoPrefetchSubscriber.onNext(FluxConcatMapNoPrefetch.java:211) ~[reactor-core-3.6.0.jar:3.6.0]
		at reactor.core.publisher.FluxContextWrite$ContextWriteSubscriber.onNext(FluxContextWrite.java:107) ~[reactor-core-3.6.0.jar:3.6.0]
		at reactor.core.publisher.SinkManyEmitterProcessor.drain(SinkManyEmitterProcessor.java:476) ~[reactor-core-3.6.0.jar:3.6.0]
		at reactor.core.publisher.SinkManyEmitterProcessor$EmitterInner.drainParent(SinkManyEmitterProcessor.java:620) ~[reactor-core-3.6.0.jar:3.6.0]
		at reactor.core.publisher.FluxPublish$PubSubInner.request(FluxPublish.java:874) ~[reactor-core-3.6.0.jar:3.6.0]
		at reactor.core.publisher.FluxContextWrite$ContextWriteSubscriber.request(FluxContextWrite.java:136) ~[reactor-core-3.6.0.jar:3.6.0]
		at reactor.core.publisher.FluxConcatMapNoPrefetch$FluxConcatMapNoPrefetchSubscriber.request(FluxConcatMapNoPrefetch.java:336) ~[reactor-core-3.6.0.jar:3.6.0]
		at reactor.core.publisher.FluxContextWrite$ContextWriteSubscriber.request(FluxContextWrite.java:136) ~[reactor-core-3.6.0.jar:3.6.0]
		at reactor.core.publisher.Operators$DeferredSubscription.request(Operators.java:1743) ~[reactor-core-3.6.0.jar:3.6.0]
		at reactor.core.publisher.FluxRetryWhen$RetryWhenMainSubscriber.onError(FluxRetryWhen.java:195) ~[reactor-core-3.6.0.jar:3.6.0]
		at reactor.core.publisher.MonoCreate$DefaultMonoSink.error(MonoCreate.java:205) ~[reactor-core-3.6.0.jar:3.6.0]
		at reactor.netty.http.client.HttpClientConnect$MonoHttpConnect$ClientTransportSubscriber.onError(HttpClientConnect.java:311) ~[reactor-netty-http-1.1.13.jar:1.1.13]
		at reactor.core.publisher.MonoCreate$DefaultMonoSink.error(MonoCreate.java:205) ~[reactor-core-3.6.0.jar:3.6.0]
		at reactor.netty.resources.DefaultPooledConnectionProvider$DisposableAcquire.onError(DefaultPooledConnectionProvider.java:162) ~[reactor-netty-core-1.1.13.jar:1.1.13]
		at reactor.netty.internal.shaded.reactor.pool.AbstractPool$Borrower.fail(AbstractPool.java:475) ~[reactor-netty-core-1.1.13.jar:1.1.13]
		at reactor.netty.internal.shaded.reactor.pool.SimpleDequePool.lambda$drainLoop$9(SimpleDequePool.java:433) ~[reactor-netty-core-1.1.13.jar:1.1.13]
		at reactor.core.publisher.FluxDoOnEach$DoOnEachSubscriber.onError(FluxDoOnEach.java:186) ~[reactor-core-3.6.0.jar:3.6.0]
		at reactor.core.publisher.MonoCreate$DefaultMonoSink.error(MonoCreate.java:205) ~[reactor-core-3.6.0.jar:3.6.0]
		at reactor.netty.resources.DefaultPooledConnectionProvider$PooledConnectionAllocator$PooledConnectionInitializer.onError(DefaultPooledConnectionProvider.java:560) ~[reactor-netty-core-1.1.13.jar:1.1.13]
		at reactor.core.publisher.MonoFlatMap$FlatMapMain.secondError(MonoFlatMap.java:241) ~[reactor-core-3.6.0.jar:3.6.0]
		at reactor.core.publisher.MonoFlatMap$FlatMapInner.onError(MonoFlatMap.java:315) ~[reactor-core-3.6.0.jar:3.6.0]
		at reactor.core.publisher.FluxOnErrorResume$ResumeSubscriber.onError(FluxOnErrorResume.java:106) ~[reactor-core-3.6.0.jar:3.6.0]
		at reactor.core.publisher.Operators.error(Operators.java:198) ~[reactor-core-3.6.0.jar:3.6.0]
		at reactor.core.publisher.MonoError.subscribe(MonoError.java:53) ~[reactor-core-3.6.0.jar:3.6.0]
		at reactor.core.publisher.Mono.subscribe(Mono.java:4512) ~[reactor-core-3.6.0.jar:3.6.0]
		at reactor.core.publisher.FluxOnErrorResume$ResumeSubscriber.onError(FluxOnErrorResume.java:103) ~[reactor-core-3.6.0.jar:3.6.0]
		at reactor.netty.transport.TransportConnector$MonoChannelPromise.tryFailure(TransportConnector.java:576) ~[reactor-netty-core-1.1.13.jar:1.1.13]
		at reactor.netty.transport.TransportConnector$MonoChannelPromise.setFailure(TransportConnector.java:522) ~[reactor-netty-core-1.1.13.jar:1.1.13]
		at reactor.netty.transport.TransportConnector.lambda$doConnect$7(TransportConnector.java:261) ~[reactor-netty-core-1.1.13.jar:1.1.13]
		at io.netty.util.concurrent.DefaultPromise.notifyListener0(DefaultPromise.java:590) ~[netty-common-4.1.101.Final.jar:4.1.101.Final]
		at io.netty.util.concurrent.DefaultPromise.notifyListeners0(DefaultPromise.java:583) ~[netty-common-4.1.101.Final.jar:4.1.101.Final]
		at io.netty.util.concurrent.DefaultPromise.notifyListenersNow(DefaultPromise.java:559) ~[netty-common-4.1.101.Final.jar:4.1.101.Final]
		at io.netty.util.concurrent.DefaultPromise.notifyListeners(DefaultPromise.java:492) ~[netty-common-4.1.101.Final.jar:4.1.101.Final]
		at io.netty.util.concurrent.DefaultPromise.setValue0(DefaultPromise.java:636) ~[netty-common-4.1.101.Final.jar:4.1.101.Final]
		at io.netty.util.concurrent.DefaultPromise.setFailure0(DefaultPromise.java:629) ~[netty-common-4.1.101.Final.jar:4.1.101.Final]
		at io.netty.util.concurrent.DefaultPromise.tryFailure(DefaultPromise.java:118) ~[netty-common-4.1.101.Final.jar:4.1.101.Final]
		at io.netty.channel.nio.AbstractNioChannel$AbstractNioUnsafe.fulfillConnectPromise(AbstractNioChannel.java:321) ~[netty-transport-4.1.101.Final.jar:4.1.101.Final]
		at io.netty.channel.nio.AbstractNioChannel$AbstractNioUnsafe.finishConnect(AbstractNioChannel.java:337) ~[netty-transport-4.1.101.Final.jar:4.1.101.Final]
		at io.netty.channel.nio.NioEventLoop.processSelectedKey(NioEventLoop.java:776) ~[netty-transport-4.1.101.Final.jar:4.1.101.Final]
		at io.netty.channel.nio.NioEventLoop.processSelectedKeysOptimized(NioEventLoop.java:724) ~[netty-transport-4.1.101.Final.jar:4.1.101.Final]
		at io.netty.channel.nio.NioEventLoop.processSelectedKeys(NioEventLoop.java:650) ~[netty-transport-4.1.101.Final.jar:4.1.101.Final]
		at io.netty.channel.nio.NioEventLoop.run(NioEventLoop.java:562) ~[netty-transport-4.1.101.Final.jar:4.1.101.Final]
		at io.netty.util.concurrent.SingleThreadEventExecutor$4.run(SingleThreadEventExecutor.java:997) ~[netty-common-4.1.101.Final.jar:4.1.101.Final]
		at io.netty.util.internal.ThreadExecutorMap$2.run(ThreadExecutorMap.java:74) ~[netty-common-4.1.101.Final.jar:4.1.101.Final]
		at io.netty.util.concurrent.FastThreadLocalRunnable.run(FastThreadLocalRunnable.java:30) ~[netty-common-4.1.101.Final.jar:4.1.101.Final]
		at java.base/java.lang.Thread.run(Thread.java:1589) ~[na:na]
	Suppressed: java.lang.Exception: #block terminated with an error
		at reactor.core.publisher.BlockingSingleSubscriber.blockingGet(BlockingSingleSubscriber.java:103) ~[reactor-core-3.6.0.jar:3.6.0]
		at reactor.core.publisher.Mono.block(Mono.java:1728) ~[reactor-core-3.6.0.jar:3.6.0]
		at org.springframework.boot.actuate.autoconfigure.tracing.zipkin.ZipkinWebClientSender$WebClientHttpPostCall.doExecute(ZipkinWebClientSender.java:76) ~[spring-boot-actuator-autoconfigure-3.2.0.jar:3.2.0]
		at org.springframework.boot.actuate.autoconfigure.tracing.zipkin.ZipkinWebClientSender$WebClientHttpPostCall.doExecute(ZipkinWebClientSender.java:54) ~[spring-boot-actuator-autoconfigure-3.2.0.jar:3.2.0]
		at zipkin2.Call$Base.execute(Call.java:391) ~[zipkin-2.23.2.jar:na]
		at zipkin2.reporter.AsyncReporter$BoundedAsyncReporter.flush(AsyncReporter.java:299) ~[zipkin-reporter-2.16.3.jar:na]
		at zipkin2.reporter.AsyncReporter$Flusher.run(AsyncReporter.java:378) ~[zipkin-reporter-2.16.3.jar:na]
		at java.base/java.lang.Thread.run(Thread.java:1589) ~[na:na]
Caused by: io.netty.channel.AbstractChannel$AnnotatedConnectException: Connection refused: no further information: localhost/127.0.0.1:9411
Caused by: java.net.ConnectException: Connection refused: no further information
	at java.base/sun.nio.ch.Net.pollConnect(Native Method) ~[na:na]
	at java.base/sun.nio.ch.Net.pollConnectNow(Net.java:672) ~[na:na]
	at java.base/sun.nio.ch.SocketChannelImpl.finishConnect(SocketChannelImpl.java:973) ~[na:na]
	at io.netty.channel.socket.nio.NioSocketChannel.doFinishConnect(NioSocketChannel.java:337) ~[netty-transport-4.1.101.Final.jar:4.1.101.Final]
	at io.netty.channel.nio.AbstractNioChannel$AbstractNioUnsafe.finishConnect(AbstractNioChannel.java:334) ~[netty-transport-4.1.101.Final.jar:4.1.101.Final]
	at io.netty.channel.nio.NioEventLoop.processSelectedKey(NioEventLoop.java:776) ~[netty-transport-4.1.101.Final.jar:4.1.101.Final]
	at io.netty.channel.nio.NioEventLoop.processSelectedKeysOptimized(NioEventLoop.java:724) ~[netty-transport-4.1.101.Final.jar:4.1.101.Final]
	at io.netty.channel.nio.NioEventLoop.processSelectedKeys(NioEventLoop.java:650) ~[netty-transport-4.1.101.Final.jar:4.1.101.Final]
	at io.netty.channel.nio.NioEventLoop.run(NioEventLoop.java:562) ~[netty-transport-4.1.101.Final.jar:4.1.101.Final]
	at io.netty.util.concurrent.SingleThreadEventExecutor$4.run(SingleThreadEventExecutor.java:997) ~[netty-common-4.1.101.Final.jar:4.1.101.Final]
	at io.netty.util.internal.ThreadExecutorMap$2.run(ThreadExecutorMap.java:74) ~[netty-common-4.1.101.Final.jar:4.1.101.Final]
	at io.netty.util.concurrent.FastThreadLocalRunnable.run(FastThreadLocalRunnable.java:30) ~[netty-common-4.1.101.Final.jar:4.1.101.Final]
	at java.base/java.lang.Thread.run(Thread.java:1589) ~[na:na]

2024-04-15T14:53:14.251+03:00 DEBUG 26704 --- [ms-news] [http-nio-8083-exec-3] [661d152a82b9d09a1e716844e9ad2707-1e716844e9ad2707] c.s.g.controller.GNewsController         : searching for articles since 2024-04-15T09:53:14.251601400
2024-04-15T14:53:14.251+03:00 DEBUG 26704 --- [ms-news] [http-nio-8083-exec-3] [661d152a82b9d09a1e716844e9ad2707-1e716844e9ad2707] c.s.g.service.ArticleServiceImpl         : ArticleService find all articles after given date
2024-04-15T14:53:14.258+03:00 DEBUG 26704 --- [ms-news] [http-nio-8083-exec-3] [661d152a82b9d09a1e716844e9ad2707-1e716844e9ad2707] c.s.gnewsmicroservice.model.Article      : new Article created
2024-04-15T14:53:14.258+03:00 DEBUG 26704 --- [ms-news] [http-nio-8083-exec-3] [661d152a82b9d09a1e716844e9ad2707-1e716844e9ad2707] c.s.gnewsmicroservice.model.Article      : new Article created
2024-04-15T14:53:14.259+03:00 DEBUG 26704 --- [ms-news] [http-nio-8083-exec-3] [661d152a82b9d09a1e716844e9ad2707-1e716844e9ad2707] c.s.gnewsmicroservice.model.Article      : new Article created
2024-04-15T14:53:14.260+03:00 DEBUG 26704 --- [ms-news] [http-nio-8083-exec-3] [661d152a82b9d09a1e716844e9ad2707-1e716844e9ad2707] c.s.gnewsmicroservice.model.Article      : new Article created
2024-04-15T14:53:14.260+03:00 DEBUG 26704 --- [ms-news] [http-nio-8083-exec-3] [661d152a82b9d09a1e716844e9ad2707-1e716844e9ad2707] c.s.gnewsmicroservice.model.Article      : new Article created
2024-04-15T14:53:14.261+03:00 DEBUG 26704 --- [ms-news] [http-nio-8083-exec-3] [661d152a82b9d09a1e716844e9ad2707-1e716844e9ad2707] c.s.gnewsmicroservice.model.Article      : new Article created
2024-04-15T14:53:14.261+03:00 DEBUG 26704 --- [ms-news] [http-nio-8083-exec-3] [661d152a82b9d09a1e716844e9ad2707-1e716844e9ad2707] c.s.gnewsmicroservice.model.Article      : new Article created
2024-04-15T14:53:14.261+03:00 DEBUG 26704 --- [ms-news] [http-nio-8083-exec-3] [661d152a82b9d09a1e716844e9ad2707-1e716844e9ad2707] c.s.gnewsmicroservice.model.Article      : new Article created
2024-04-15T14:53:14.262+03:00 DEBUG 26704 --- [ms-news] [http-nio-8083-exec-3] [661d152a82b9d09a1e716844e9ad2707-1e716844e9ad2707] c.s.gnewsmicroservice.model.Article      : new Article created
2024-04-15T14:53:14.262+03:00 DEBUG 26704 --- [ms-news] [http-nio-8083-exec-3] [661d152a82b9d09a1e716844e9ad2707-1e716844e9ad2707] c.s.gnewsmicroservice.model.Article      : new Article created
2024-04-15T14:53:18.809+03:00 DEBUG 26704 --- [ms-news] [http-nio-8083-exec-4] [661d152ef4fb6bf5bc44ed7d41addac2-bc44ed7d41addac2] c.s.g.controller.GNewsController         : searching for articles since 2024-04-15T09:53:18.809931600
2024-04-15T14:53:18.809+03:00 DEBUG 26704 --- [ms-news] [http-nio-8083-exec-4] [661d152ef4fb6bf5bc44ed7d41addac2-bc44ed7d41addac2] c.s.g.service.ArticleServiceImpl         : ArticleService find all articles after given date
2024-04-15T14:53:18.815+03:00 DEBUG 26704 --- [ms-news] [http-nio-8083-exec-4] [661d152ef4fb6bf5bc44ed7d41addac2-bc44ed7d41addac2] c.s.gnewsmicroservice.model.Article      : new Article created
2024-04-15T14:53:18.816+03:00 DEBUG 26704 --- [ms-news] [http-nio-8083-exec-4] [661d152ef4fb6bf5bc44ed7d41addac2-bc44ed7d41addac2] c.s.gnewsmicroservice.model.Article      : new Article created
2024-04-15T14:53:18.816+03:00 DEBUG 26704 --- [ms-news] [http-nio-8083-exec-4] [661d152ef4fb6bf5bc44ed7d41addac2-bc44ed7d41addac2] c.s.gnewsmicroservice.model.Article      : new Article created
2024-04-15T14:53:18.816+03:00 DEBUG 26704 --- [ms-news] [http-nio-8083-exec-4] [661d152ef4fb6bf5bc44ed7d41addac2-bc44ed7d41addac2] c.s.gnewsmicroservice.model.Article      : new Article created
2024-04-15T14:53:18.816+03:00 DEBUG 26704 --- [ms-news] [http-nio-8083-exec-4] [661d152ef4fb6bf5bc44ed7d41addac2-bc44ed7d41addac2] c.s.gnewsmicroservice.model.Article      : new Article created
2024-04-15T14:53:18.817+03:00 DEBUG 26704 --- [ms-news] [http-nio-8083-exec-4] [661d152ef4fb6bf5bc44ed7d41addac2-bc44ed7d41addac2] c.s.gnewsmicroservice.model.Article      : new Article created
2024-04-15T14:53:18.817+03:00 DEBUG 26704 --- [ms-news] [http-nio-8083-exec-4] [661d152ef4fb6bf5bc44ed7d41addac2-bc44ed7d41addac2] c.s.gnewsmicroservice.model.Article      : new Article created
2024-04-15T14:53:18.817+03:00 DEBUG 26704 --- [ms-news] [http-nio-8083-exec-4] [661d152ef4fb6bf5bc44ed7d41addac2-bc44ed7d41addac2] c.s.gnewsmicroservice.model.Article      : new Article created
2024-04-15T14:53:18.818+03:00 DEBUG 26704 --- [ms-news] [http-nio-8083-exec-4] [661d152ef4fb6bf5bc44ed7d41addac2-bc44ed7d41addac2] c.s.gnewsmicroservice.model.Article      : new Article created
2024-04-15T14:53:18.818+03:00 DEBUG 26704 --- [ms-news] [http-nio-8083-exec-4] [661d152ef4fb6bf5bc44ed7d41addac2-bc44ed7d41addac2] c.s.gnewsmicroservice.model.Article      : new Article created
2024-04-15T14:53:33.583+03:00 DEBUG 26704 --- [ms-news] [http-nio-8083-exec-5] [661d153d4856ca941d6eabac1edea0dd-1d6eabac1edea0dd] c.s.g.controller.GNewsController         : searching for articles since 2024-04-15T09:53:33.583275200
2024-04-15T14:53:33.583+03:00 DEBUG 26704 --- [ms-news] [http-nio-8083-exec-5] [661d153d4856ca941d6eabac1edea0dd-1d6eabac1edea0dd] c.s.g.service.ArticleServiceImpl         : ArticleService find all articles after given date
2024-04-15T14:53:33.591+03:00 DEBUG 26704 --- [ms-news] [http-nio-8083-exec-5] [661d153d4856ca941d6eabac1edea0dd-1d6eabac1edea0dd] c.s.gnewsmicroservice.model.Article      : new Article created
2024-04-15T14:53:33.591+03:00 DEBUG 26704 --- [ms-news] [http-nio-8083-exec-5] [661d153d4856ca941d6eabac1edea0dd-1d6eabac1edea0dd] c.s.gnewsmicroservice.model.Article      : new Article created
2024-04-15T14:53:33.592+03:00 DEBUG 26704 --- [ms-news] [http-nio-8083-exec-5] [661d153d4856ca941d6eabac1edea0dd-1d6eabac1edea0dd] c.s.gnewsmicroservice.model.Article      : new Article created
2024-04-15T14:53:33.592+03:00 DEBUG 26704 --- [ms-news] [http-nio-8083-exec-5] [661d153d4856ca941d6eabac1edea0dd-1d6eabac1edea0dd] c.s.gnewsmicroservice.model.Article      : new Article created
2024-04-15T14:53:33.593+03:00 DEBUG 26704 --- [ms-news] [http-nio-8083-exec-5] [661d153d4856ca941d6eabac1edea0dd-1d6eabac1edea0dd] c.s.gnewsmicroservice.model.Article      : new Article created
2024-04-15T14:53:33.594+03:00 DEBUG 26704 --- [ms-news] [http-nio-8083-exec-5] [661d153d4856ca941d6eabac1edea0dd-1d6eabac1edea0dd] c.s.gnewsmicroservice.model.Article      : new Article created
2024-04-15T14:53:33.594+03:00 DEBUG 26704 --- [ms-news] [http-nio-8083-exec-5] [661d153d4856ca941d6eabac1edea0dd-1d6eabac1edea0dd] c.s.gnewsmicroservice.model.Article      : new Article created
2024-04-15T14:53:33.595+03:00 DEBUG 26704 --- [ms-news] [http-nio-8083-exec-5] [661d153d4856ca941d6eabac1edea0dd-1d6eabac1edea0dd] c.s.gnewsmicroservice.model.Article      : new Article created
2024-04-15T14:53:33.595+03:00 DEBUG 26704 --- [ms-news] [http-nio-8083-exec-5] [661d153d4856ca941d6eabac1edea0dd-1d6eabac1edea0dd] c.s.gnewsmicroservice.model.Article      : new Article created
2024-04-15T14:53:33.596+03:00 DEBUG 26704 --- [ms-news] [http-nio-8083-exec-5] [661d153d4856ca941d6eabac1edea0dd-1d6eabac1edea0dd] c.s.gnewsmicroservice.model.Article      : new Article created
2024-04-15T14:54:06.646+03:00  INFO 26704 --- [ms-news] [SpringApplicationShutdownHook] [                                                 ] o.s.c.n.e.s.EurekaServiceRegistry        : Unregistering application MS-NEWS with eureka with status DOWN
2024-04-15T14:54:06.647+03:00  INFO 26704 --- [ms-news] [SpringApplicationShutdownHook] [                                                 ] com.netflix.discovery.DiscoveryClient    : Saw local status change event StatusChangeEvent [timestamp=1713182046647, current=DOWN, previous=UP]
2024-04-15T14:54:06.647+03:00  INFO 26704 --- [ms-news] [DiscoveryClient-InstanceInfoReplicator-0] [                                                 ] com.netflix.discovery.DiscoveryClient    : DiscoveryClient_MS-NEWS/host.docker.internal:ms-news:8083: registering service...
2024-04-15T14:54:06.655+03:00  INFO 26704 --- [ms-news] [DiscoveryClient-InstanceInfoReplicator-0] [                                                 ] com.netflix.discovery.DiscoveryClient    : DiscoveryClient_MS-NEWS/host.docker.internal:ms-news:8083 - registration status: 204
2024-04-15T14:54:07.561+03:00  INFO 26704 --- [ms-news] [SpringApplicationShutdownHook] [                                                 ] com.netflix.discovery.DiscoveryClient    : Shutting down DiscoveryClient ...
2024-04-15T14:54:10.569+03:00  INFO 26704 --- [ms-news] [SpringApplicationShutdownHook] [                                                 ] com.netflix.discovery.DiscoveryClient    : Unregistering ...
2024-04-15T14:54:10.579+03:00  INFO 26704 --- [ms-news] [SpringApplicationShutdownHook] [                                                 ] c.n.d.s.t.d.RedirectingEurekaHttpClient  : Request execution error. endpoint=DefaultEndpoint{ serviceUrl='http://localhost:8761/eureka/} exception=I/O error on DELETE request for "http://localhost:8761/eureka/apps/MS-NEWS/host.docker.internal:ms-news:8083": Connect to http://localhost:8761 [localhost/127.0.0.1, localhost/0:0:0:0:0:0:0:1] failed: Connection refused: no further information stacktrace=org.springframework.web.client.ResourceAccessException: I/O error on DELETE request for "http://localhost:8761/eureka/apps/MS-NEWS/host.docker.internal:ms-news:8083": Connect to http://localhost:8761 [localhost/127.0.0.1, localhost/0:0:0:0:0:0:0:1] failed: Connection refused: no further information
	at org.springframework.web.client.RestTemplate.createResourceAccessException(RestTemplate.java:905)
	at org.springframework.web.client.RestTemplate.doExecute(RestTemplate.java:885)
	at org.springframework.web.client.RestTemplate.execute(RestTemplate.java:781)
	at org.springframework.web.client.RestTemplate.exchange(RestTemplate.java:663)
	at org.springframework.cloud.netflix.eureka.http.RestTemplateEurekaHttpClient.cancel(RestTemplateEurekaHttpClient.java:87)
	at com.netflix.discovery.shared.transport.decorator.EurekaHttpClientDecorator$2.execute(EurekaHttpClientDecorator.java:74)
	at com.netflix.discovery.shared.transport.decorator.RedirectingEurekaHttpClient.execute(RedirectingEurekaHttpClient.java:91)
	at com.netflix.discovery.shared.transport.decorator.EurekaHttpClientDecorator.cancel(EurekaHttpClientDecorator.java:71)
	at com.netflix.discovery.shared.transport.decorator.EurekaHttpClientDecorator$2.execute(EurekaHttpClientDecorator.java:74)
	at com.netflix.discovery.shared.transport.decorator.RetryableEurekaHttpClient.execute(RetryableEurekaHttpClient.java:120)
	at com.netflix.discovery.shared.transport.decorator.EurekaHttpClientDecorator.cancel(EurekaHttpClientDecorator.java:71)
	at com.netflix.discovery.shared.transport.decorator.EurekaHttpClientDecorator$2.execute(EurekaHttpClientDecorator.java:74)
	at com.netflix.discovery.shared.transport.decorator.SessionedEurekaHttpClient.execute(SessionedEurekaHttpClient.java:77)
	at com.netflix.discovery.shared.transport.decorator.EurekaHttpClientDecorator.cancel(EurekaHttpClientDecorator.java:71)
	at com.netflix.discovery.DiscoveryClient.unregister(DiscoveryClient.java:916)
	at com.netflix.discovery.DiscoveryClient.shutdown(DiscoveryClient.java:892)
	at java.base/jdk.internal.reflect.DirectMethodHandleAccessor.invoke(DirectMethodHandleAccessor.java:104)
	at java.base/java.lang.reflect.Method.invoke(Method.java:578)
	at org.springframework.beans.factory.annotation.InitDestroyAnnotationBeanPostProcessor$LifecycleMethod.invoke(InitDestroyAnnotationBeanPostProcessor.java:457)
	at org.springframework.beans.factory.annotation.InitDestroyAnnotationBeanPostProcessor$LifecycleMetadata.invokeDestroyMethods(InitDestroyAnnotationBeanPostProcessor.java:415)
	at org.springframework.beans.factory.annotation.InitDestroyAnnotationBeanPostProcessor.postProcessBeforeDestruction(InitDestroyAnnotationBeanPostProcessor.java:239)
	at org.springframework.beans.factory.support.DisposableBeanAdapter.destroy(DisposableBeanAdapter.java:202)
	at org.springframework.beans.factory.support.DisposableBeanAdapter.run(DisposableBeanAdapter.java:195)
	at org.springframework.cloud.context.scope.GenericScope$BeanLifecycleWrapper.destroy(GenericScope.java:389)
	at org.springframework.cloud.context.scope.GenericScope.destroy(GenericScope.java:136)
	at org.springframework.beans.factory.support.DisposableBeanAdapter.destroy(DisposableBeanAdapter.java:211)
	at org.springframework.beans.factory.support.DefaultSingletonBeanRegistry.destroyBean(DefaultSingletonBeanRegistry.java:587)
	at org.springframework.beans.factory.support.DefaultSingletonBeanRegistry.destroySingleton(DefaultSingletonBeanRegistry.java:559)
	at org.springframework.beans.factory.support.DefaultListableBeanFactory.destroySingleton(DefaultListableBeanFactory.java:1200)
	at org.springframework.beans.factory.support.DefaultSingletonBeanRegistry.destroySingletons(DefaultSingletonBeanRegistry.java:520)
	at org.springframework.beans.factory.support.DefaultListableBeanFactory.destroySingletons(DefaultListableBeanFactory.java:1193)
	at org.springframework.context.support.AbstractApplicationContext.destroyBeans(AbstractApplicationContext.java:1125)
	at org.springframework.context.support.AbstractApplicationContext.doClose(AbstractApplicationContext.java:1086)
	at org.springframework.boot.web.servlet.context.ServletWebServerApplicationContext.doClose(ServletWebServerApplicationContext.java:174)
	at org.springframework.context.support.AbstractApplicationContext.close(AbstractApplicationContext.java:1037)
	at org.springframework.boot.SpringApplicationShutdownHook.closeAndWait(SpringApplicationShutdownHook.java:145)
	at java.base/java.lang.Iterable.forEach(Iterable.java:75)
	at org.springframework.boot.SpringApplicationShutdownHook.run(SpringApplicationShutdownHook.java:114)
	at java.base/java.lang.Thread.run(Thread.java:1589)
Caused by: org.apache.hc.client5.http.HttpHostConnectException: Connect to http://localhost:8761 [localhost/127.0.0.1, localhost/0:0:0:0:0:0:0:1] failed: Connection refused: no further information
	at java.base/sun.nio.ch.Net.pollConnect(Native Method)
	at java.base/sun.nio.ch.Net.pollConnectNow(Net.java:672)
	at java.base/sun.nio.ch.NioSocketImpl.timedFinishConnect(NioSocketImpl.java:535)
	at java.base/sun.nio.ch.NioSocketImpl.connect(NioSocketImpl.java:585)
	at java.base/java.net.SocksSocketImpl.connect(SocksSocketImpl.java:327)
	at java.base/java.net.Socket.connect(Socket.java:666)
	at org.apache.hc.client5.http.socket.PlainConnectionSocketFactory.lambda$connectSocket$0(PlainConnectionSocketFactory.java:85)
	at java.base/java.security.AccessController.doPrivileged(AccessController.java:569)
	at org.apache.hc.client5.http.socket.PlainConnectionSocketFactory.connectSocket(PlainConnectionSocketFactory.java:84)
	at org.apache.hc.client5.http.socket.ConnectionSocketFactory.connectSocket(ConnectionSocketFactory.java:113)
	at org.apache.hc.client5.http.impl.io.DefaultHttpClientConnectionOperator.connect(DefaultHttpClientConnectionOperator.java:181)
	at org.apache.hc.client5.http.impl.io.PoolingHttpClientConnectionManager.connect(PoolingHttpClientConnectionManager.java:447)
	at org.apache.hc.client5.http.impl.classic.InternalExecRuntime.connectEndpoint(InternalExecRuntime.java:162)
	at org.apache.hc.client5.http.impl.classic.InternalExecRuntime.connectEndpoint(InternalExecRuntime.java:172)
	at org.apache.hc.client5.http.impl.classic.ConnectExec.execute(ConnectExec.java:142)
	at org.apache.hc.client5.http.impl.classic.ExecChainElement.execute(ExecChainElement.java:51)
	at org.apache.hc.client5.http.impl.classic.ProtocolExec.execute(ProtocolExec.java:192)
	at org.apache.hc.client5.http.impl.classic.ExecChainElement.execute(ExecChainElement.java:51)
	at org.apache.hc.client5.http.impl.classic.HttpRequestRetryExec.execute(HttpRequestRetryExec.java:96)
	at org.apache.hc.client5.http.impl.classic.ExecChainElement.execute(ExecChainElement.java:51)
	at org.apache.hc.client5.http.impl.classic.ContentCompressionExec.execute(ContentCompressionExec.java:152)
	at org.apache.hc.client5.http.impl.classic.ExecChainElement.execute(ExecChainElement.java:51)
	at org.apache.hc.client5.http.impl.classic.RedirectExec.execute(RedirectExec.java:115)
	at org.apache.hc.client5.http.impl.classic.ExecChainElement.execute(ExecChainElement.java:51)
	at org.apache.hc.client5.http.impl.classic.InternalHttpClient.doExecute(InternalHttpClient.java:170)
	at org.apache.hc.client5.http.impl.classic.CloseableHttpClient.execute(CloseableHttpClient.java:87)
	at org.apache.hc.client5.http.impl.classic.CloseableHttpClient.execute(CloseableHttpClient.java:55)
	at org.apache.hc.client5.http.classic.HttpClient.executeOpen(HttpClient.java:183)
	at org.springframework.http.client.HttpComponentsClientHttpRequest.executeInternal(HttpComponentsClientHttpRequest.java:95)
	at org.springframework.http.client.AbstractStreamingClientHttpRequest.executeInternal(AbstractStreamingClientHttpRequest.java:70)
	at org.springframework.http.client.AbstractClientHttpRequest.execute(AbstractClientHttpRequest.java:66)
	at org.springframework.http.client.InterceptingClientHttpRequest$InterceptingRequestExecution.execute(InterceptingClientHttpRequest.java:101)
	at org.springframework.cloud.netflix.eureka.http.RestTemplateTransportClientFactory.lambda$restTemplate$0(RestTemplateTransportClientFactory.java:143)
	at org.springframework.http.client.InterceptingClientHttpRequest$InterceptingRequestExecution.execute(InterceptingClientHttpRequest.java:87)
	at org.springframework.http.client.InterceptingClientHttpRequest.executeInternal(InterceptingClientHttpRequest.java:71)
	at org.springframework.http.client.AbstractBufferingClientHttpRequest.executeInternal(AbstractBufferingClientHttpRequest.java:48)
	at org.springframework.http.client.AbstractClientHttpRequest.execute(AbstractClientHttpRequest.java:66)
	at org.springframework.web.client.RestTemplate.doExecute(RestTemplate.java:879)
	... 37 more

2024-04-15T14:54:10.579+03:00  WARN 26704 --- [ms-news] [SpringApplicationShutdownHook] [                                                 ] c.n.d.s.t.d.RetryableEurekaHttpClient    : Request execution failed with message: I/O error on DELETE request for "http://localhost:8761/eureka/apps/MS-NEWS/host.docker.internal:ms-news:8083": Connect to http://localhost:8761 [localhost/127.0.0.1, localhost/0:0:0:0:0:0:0:1] failed: Connection refused: no further information
2024-04-15T14:54:10.614+03:00  INFO 26704 --- [ms-news] [SpringApplicationShutdownHook] [                                                 ] c.n.d.s.t.d.RedirectingEurekaHttpClient  : Request execution error. endpoint=DefaultEndpoint{ serviceUrl='http://localhost:8761/eureka/}, exception=I/O error on DELETE request for "http://localhost:8761/eureka/apps/MS-NEWS/host.docker.internal:ms-news:8083": Connect to http://localhost:8761 [localhost/127.0.0.1, localhost/0:0:0:0:0:0:0:1] failed: Connection refused: no further information stacktrace=org.springframework.web.client.ResourceAccessException: I/O error on DELETE request for "http://localhost:8761/eureka/apps/MS-NEWS/host.docker.internal:ms-news:8083": Connect to http://localhost:8761 [localhost/127.0.0.1, localhost/0:0:0:0:0:0:0:1] failed: Connection refused: no further information
	at org.springframework.web.client.RestTemplate.createResourceAccessException(RestTemplate.java:905)
	at org.springframework.web.client.RestTemplate.doExecute(RestTemplate.java:885)
	at org.springframework.web.client.RestTemplate.execute(RestTemplate.java:781)
	at org.springframework.web.client.RestTemplate.exchange(RestTemplate.java:663)
	at org.springframework.cloud.netflix.eureka.http.RestTemplateEurekaHttpClient.cancel(RestTemplateEurekaHttpClient.java:87)
	at com.netflix.discovery.shared.transport.decorator.EurekaHttpClientDecorator$2.execute(EurekaHttpClientDecorator.java:74)
	at com.netflix.discovery.shared.transport.decorator.RedirectingEurekaHttpClient.executeOnNewServer(RedirectingEurekaHttpClient.java:121)
	at com.netflix.discovery.shared.transport.decorator.RedirectingEurekaHttpClient.execute(RedirectingEurekaHttpClient.java:80)
	at com.netflix.discovery.shared.transport.decorator.EurekaHttpClientDecorator.cancel(EurekaHttpClientDecorator.java:71)
	at com.netflix.discovery.shared.transport.decorator.EurekaHttpClientDecorator$2.execute(EurekaHttpClientDecorator.java:74)
	at com.netflix.discovery.shared.transport.decorator.RetryableEurekaHttpClient.execute(RetryableEurekaHttpClient.java:120)
	at com.netflix.discovery.shared.transport.decorator.EurekaHttpClientDecorator.cancel(EurekaHttpClientDecorator.java:71)
	at com.netflix.discovery.shared.transport.decorator.EurekaHttpClientDecorator$2.execute(EurekaHttpClientDecorator.java:74)
	at com.netflix.discovery.shared.transport.decorator.SessionedEurekaHttpClient.execute(SessionedEurekaHttpClient.java:77)
	at com.netflix.discovery.shared.transport.decorator.EurekaHttpClientDecorator.cancel(EurekaHttpClientDecorator.java:71)
	at com.netflix.discovery.DiscoveryClient.unregister(DiscoveryClient.java:916)
	at com.netflix.discovery.DiscoveryClient.shutdown(DiscoveryClient.java:892)
	at java.base/jdk.internal.reflect.DirectMethodHandleAccessor.invoke(DirectMethodHandleAccessor.java:104)
	at java.base/java.lang.reflect.Method.invoke(Method.java:578)
	at org.springframework.beans.factory.annotation.InitDestroyAnnotationBeanPostProcessor$LifecycleMethod.invoke(InitDestroyAnnotationBeanPostProcessor.java:457)
	at org.springframework.beans.factory.annotation.InitDestroyAnnotationBeanPostProcessor$LifecycleMetadata.invokeDestroyMethods(InitDestroyAnnotationBeanPostProcessor.java:415)
	at org.springframework.beans.factory.annotation.InitDestroyAnnotationBeanPostProcessor.postProcessBeforeDestruction(InitDestroyAnnotationBeanPostProcessor.java:239)
	at org.springframework.beans.factory.support.DisposableBeanAdapter.destroy(DisposableBeanAdapter.java:202)
	at org.springframework.beans.factory.support.DisposableBeanAdapter.run(DisposableBeanAdapter.java:195)
	at org.springframework.cloud.context.scope.GenericScope$BeanLifecycleWrapper.destroy(GenericScope.java:389)
	at org.springframework.cloud.context.scope.GenericScope.destroy(GenericScope.java:136)
	at org.springframework.beans.factory.support.DisposableBeanAdapter.destroy(DisposableBeanAdapter.java:211)
	at org.springframework.beans.factory.support.DefaultSingletonBeanRegistry.destroyBean(DefaultSingletonBeanRegistry.java:587)
	at org.springframework.beans.factory.support.DefaultSingletonBeanRegistry.destroySingleton(DefaultSingletonBeanRegistry.java:559)
	at org.springframework.beans.factory.support.DefaultListableBeanFactory.destroySingleton(DefaultListableBeanFactory.java:1200)
	at org.springframework.beans.factory.support.DefaultSingletonBeanRegistry.destroySingletons(DefaultSingletonBeanRegistry.java:520)
	at org.springframework.beans.factory.support.DefaultListableBeanFactory.destroySingletons(DefaultListableBeanFactory.java:1193)
	at org.springframework.context.support.AbstractApplicationContext.destroyBeans(AbstractApplicationContext.java:1125)
	at org.springframework.context.support.AbstractApplicationContext.doClose(AbstractApplicationContext.java:1086)
	at org.springframework.boot.web.servlet.context.ServletWebServerApplicationContext.doClose(ServletWebServerApplicationContext.java:174)
	at org.springframework.context.support.AbstractApplicationContext.close(AbstractApplicationContext.java:1037)
	at org.springframework.boot.SpringApplicationShutdownHook.closeAndWait(SpringApplicationShutdownHook.java:145)
	at java.base/java.lang.Iterable.forEach(Iterable.java:75)
	at org.springframework.boot.SpringApplicationShutdownHook.run(SpringApplicationShutdownHook.java:114)
	at java.base/java.lang.Thread.run(Thread.java:1589)
Caused by: org.apache.hc.client5.http.HttpHostConnectException: Connect to http://localhost:8761 [localhost/127.0.0.1, localhost/0:0:0:0:0:0:0:1] failed: Connection refused: no further information
	at java.base/sun.nio.ch.Net.pollConnect(Native Method)
	at java.base/sun.nio.ch.Net.pollConnectNow(Net.java:672)
	at java.base/sun.nio.ch.NioSocketImpl.timedFinishConnect(NioSocketImpl.java:535)
	at java.base/sun.nio.ch.NioSocketImpl.connect(NioSocketImpl.java:585)
	at java.base/java.net.SocksSocketImpl.connect(SocksSocketImpl.java:327)
	at java.base/java.net.Socket.connect(Socket.java:666)
	at org.apache.hc.client5.http.socket.PlainConnectionSocketFactory.lambda$connectSocket$0(PlainConnectionSocketFactory.java:85)
	at java.base/java.security.AccessController.doPrivileged(AccessController.java:569)
	at org.apache.hc.client5.http.socket.PlainConnectionSocketFactory.connectSocket(PlainConnectionSocketFactory.java:84)
	at org.apache.hc.client5.http.socket.ConnectionSocketFactory.connectSocket(ConnectionSocketFactory.java:113)
	at org.apache.hc.client5.http.impl.io.DefaultHttpClientConnectionOperator.connect(DefaultHttpClientConnectionOperator.java:181)
	at org.apache.hc.client5.http.impl.io.PoolingHttpClientConnectionManager.connect(PoolingHttpClientConnectionManager.java:447)
	at org.apache.hc.client5.http.impl.classic.InternalExecRuntime.connectEndpoint(InternalExecRuntime.java:162)
	at org.apache.hc.client5.http.impl.classic.InternalExecRuntime.connectEndpoint(InternalExecRuntime.java:172)
	at org.apache.hc.client5.http.impl.classic.ConnectExec.execute(ConnectExec.java:142)
	at org.apache.hc.client5.http.impl.classic.ExecChainElement.execute(ExecChainElement.java:51)
	at org.apache.hc.client5.http.impl.classic.ProtocolExec.execute(ProtocolExec.java:192)
	at org.apache.hc.client5.http.impl.classic.ExecChainElement.execute(ExecChainElement.java:51)
	at org.apache.hc.client5.http.impl.classic.HttpRequestRetryExec.execute(HttpRequestRetryExec.java:96)
	at org.apache.hc.client5.http.impl.classic.ExecChainElement.execute(ExecChainElement.java:51)
	at org.apache.hc.client5.http.impl.classic.ContentCompressionExec.execute(ContentCompressionExec.java:152)
	at org.apache.hc.client5.http.impl.classic.ExecChainElement.execute(ExecChainElement.java:51)
	at org.apache.hc.client5.http.impl.classic.RedirectExec.execute(RedirectExec.java:115)
	at org.apache.hc.client5.http.impl.classic.ExecChainElement.execute(ExecChainElement.java:51)
	at org.apache.hc.client5.http.impl.classic.InternalHttpClient.doExecute(InternalHttpClient.java:170)
	at org.apache.hc.client5.http.impl.classic.CloseableHttpClient.execute(CloseableHttpClient.java:87)
	at org.apache.hc.client5.http.impl.classic.CloseableHttpClient.execute(CloseableHttpClient.java:55)
	at org.apache.hc.client5.http.classic.HttpClient.executeOpen(HttpClient.java:183)
	at org.springframework.http.client.HttpComponentsClientHttpRequest.executeInternal(HttpComponentsClientHttpRequest.java:95)
	at org.springframework.http.client.AbstractStreamingClientHttpRequest.executeInternal(AbstractStreamingClientHttpRequest.java:70)
	at org.springframework.http.client.AbstractClientHttpRequest.execute(AbstractClientHttpRequest.java:66)
	at org.springframework.http.client.InterceptingClientHttpRequest$InterceptingRequestExecution.execute(InterceptingClientHttpRequest.java:101)
	at org.springframework.cloud.netflix.eureka.http.RestTemplateTransportClientFactory.lambda$restTemplate$0(RestTemplateTransportClientFactory.java:143)
	at org.springframework.http.client.InterceptingClientHttpRequest$InterceptingRequestExecution.execute(InterceptingClientHttpRequest.java:87)
	at org.springframework.http.client.InterceptingClientHttpRequest.executeInternal(InterceptingClientHttpRequest.java:71)
	at org.springframework.http.client.AbstractBufferingClientHttpRequest.executeInternal(AbstractBufferingClientHttpRequest.java:48)
	at org.springframework.http.client.AbstractClientHttpRequest.execute(AbstractClientHttpRequest.java:66)
	at org.springframework.web.client.RestTemplate.doExecute(RestTemplate.java:879)
	... 38 more

2024-04-15T14:54:10.615+03:00  WARN 26704 --- [ms-news] [SpringApplicationShutdownHook] [                                                 ] c.n.d.s.t.d.RetryableEurekaHttpClient    : Request execution failed with message: I/O error on DELETE request for "http://localhost:8761/eureka/apps/MS-NEWS/host.docker.internal:ms-news:8083": Connect to http://localhost:8761 [localhost/127.0.0.1, localhost/0:0:0:0:0:0:0:1] failed: Connection refused: no further information
2024-04-15T14:54:10.615+03:00 ERROR 26704 --- [ms-news] [SpringApplicationShutdownHook] [                                                 ] com.netflix.discovery.DiscoveryClient    : DiscoveryClient_MS-NEWS/host.docker.internal:ms-news:8083 - de-registration failedCannot execute request on any known server

com.netflix.discovery.shared.transport.TransportException: Cannot execute request on any known server
	at com.netflix.discovery.shared.transport.decorator.RetryableEurekaHttpClient.execute(RetryableEurekaHttpClient.java:112) ~[eureka-client-2.0.1.jar:2.0.1]
	at com.netflix.discovery.shared.transport.decorator.EurekaHttpClientDecorator.cancel(EurekaHttpClientDecorator.java:71) ~[eureka-client-2.0.1.jar:2.0.1]
	at com.netflix.discovery.shared.transport.decorator.EurekaHttpClientDecorator$2.execute(EurekaHttpClientDecorator.java:74) ~[eureka-client-2.0.1.jar:2.0.1]
	at com.netflix.discovery.shared.transport.decorator.SessionedEurekaHttpClient.execute(SessionedEurekaHttpClient.java:77) ~[eureka-client-2.0.1.jar:2.0.1]
	at com.netflix.discovery.shared.transport.decorator.EurekaHttpClientDecorator.cancel(EurekaHttpClientDecorator.java:71) ~[eureka-client-2.0.1.jar:2.0.1]
	at com.netflix.discovery.DiscoveryClient.unregister(DiscoveryClient.java:916) ~[eureka-client-2.0.1.jar:2.0.1]
	at com.netflix.discovery.DiscoveryClient.shutdown(DiscoveryClient.java:892) ~[eureka-client-2.0.1.jar:2.0.1]
	at java.base/jdk.internal.reflect.DirectMethodHandleAccessor.invoke(DirectMethodHandleAccessor.java:104) ~[na:na]
	at java.base/java.lang.reflect.Method.invoke(Method.java:578) ~[na:na]
	at org.springframework.beans.factory.annotation.InitDestroyAnnotationBeanPostProcessor$LifecycleMethod.invoke(InitDestroyAnnotationBeanPostProcessor.java:457) ~[spring-beans-6.1.1.jar:6.1.1]
	at org.springframework.beans.factory.annotation.InitDestroyAnnotationBeanPostProcessor$LifecycleMetadata.invokeDestroyMethods(InitDestroyAnnotationBeanPostProcessor.java:415) ~[spring-beans-6.1.1.jar:6.1.1]
	at org.springframework.beans.factory.annotation.InitDestroyAnnotationBeanPostProcessor.postProcessBeforeDestruction(InitDestroyAnnotationBeanPostProcessor.java:239) ~[spring-beans-6.1.1.jar:6.1.1]
	at org.springframework.beans.factory.support.DisposableBeanAdapter.destroy(DisposableBeanAdapter.java:202) ~[spring-beans-6.1.1.jar:6.1.1]
	at org.springframework.beans.factory.support.DisposableBeanAdapter.run(DisposableBeanAdapter.java:195) ~[spring-beans-6.1.1.jar:6.1.1]
	at org.springframework.cloud.context.scope.GenericScope$BeanLifecycleWrapper.destroy(GenericScope.java:389) ~[spring-cloud-context-4.1.0.jar:4.1.0]
	at org.springframework.cloud.context.scope.GenericScope.destroy(GenericScope.java:136) ~[spring-cloud-context-4.1.0.jar:4.1.0]
	at org.springframework.beans.factory.support.DisposableBeanAdapter.destroy(DisposableBeanAdapter.java:211) ~[spring-beans-6.1.1.jar:6.1.1]
	at org.springframework.beans.factory.support.DefaultSingletonBeanRegistry.destroyBean(DefaultSingletonBeanRegistry.java:587) ~[spring-beans-6.1.1.jar:6.1.1]
	at org.springframework.beans.factory.support.DefaultSingletonBeanRegistry.destroySingleton(DefaultSingletonBeanRegistry.java:559) ~[spring-beans-6.1.1.jar:6.1.1]
	at org.springframework.beans.factory.support.DefaultListableBeanFactory.destroySingleton(DefaultListableBeanFactory.java:1200) ~[spring-beans-6.1.1.jar:6.1.1]
	at org.springframework.beans.factory.support.DefaultSingletonBeanRegistry.destroySingletons(DefaultSingletonBeanRegistry.java:520) ~[spring-beans-6.1.1.jar:6.1.1]
	at org.springframework.beans.factory.support.DefaultListableBeanFactory.destroySingletons(DefaultListableBeanFactory.java:1193) ~[spring-beans-6.1.1.jar:6.1.1]
	at org.springframework.context.support.AbstractApplicationContext.destroyBeans(AbstractApplicationContext.java:1125) ~[spring-context-6.1.1.jar:6.1.1]
	at org.springframework.context.support.AbstractApplicationContext.doClose(AbstractApplicationContext.java:1086) ~[spring-context-6.1.1.jar:6.1.1]
	at org.springframework.boot.web.servlet.context.ServletWebServerApplicationContext.doClose(ServletWebServerApplicationContext.java:174) ~[spring-boot-3.2.0.jar:3.2.0]
	at org.springframework.context.support.AbstractApplicationContext.close(AbstractApplicationContext.java:1037) ~[spring-context-6.1.1.jar:6.1.1]
	at org.springframework.boot.SpringApplicationShutdownHook.closeAndWait(SpringApplicationShutdownHook.java:145) ~[spring-boot-3.2.0.jar:3.2.0]
	at java.base/java.lang.Iterable.forEach(Iterable.java:75) ~[na:na]
	at org.springframework.boot.SpringApplicationShutdownHook.run(SpringApplicationShutdownHook.java:114) ~[spring-boot-3.2.0.jar:3.2.0]
	at java.base/java.lang.Thread.run(Thread.java:1589) ~[na:na]

2024-04-15T14:54:10.623+03:00  INFO 26704 --- [ms-news] [SpringApplicationShutdownHook] [                                                 ] com.netflix.discovery.DiscoveryClient    : Completed shut down of DiscoveryClient
