2024-04-15T14:51:38.945+03:00  INFO 23628 --- [ms-service-discovery] [restartedMain] [                                                 ] c.s.s.ServiceDiscoveryApplication        : Starting ServiceDiscoveryApplication using Java 19.0.2 with PID 23628 (C:\Users\aviv\IdeaProjects\StarshipNBA\ServiceDiscovery\target\classes started by aviv in C:\Users\aviv\IdeaProjects\StarshipNBA)
2024-04-15T14:51:38.954+03:00 DEBUG 23628 --- [ms-service-discovery] [restartedMain] [                                                 ] c.s.s.ServiceDiscoveryApplication        : Running with Spring Boot v3.2.0, Spring v6.1.1
2024-04-15T14:51:38.955+03:00  INFO 23628 --- [ms-service-discovery] [restartedMain] [                                                 ] c.s.s.ServiceDiscoveryApplication        : No active profile set, falling back to 1 default profile: "default"
2024-04-15T14:51:39.013+03:00  INFO 23628 --- [ms-service-discovery] [restartedMain] [                                                 ] .e.DevToolsPropertyDefaultsPostProcessor : Devtools property defaults active! Set 'spring.devtools.add-properties' to 'false' to disable
2024-04-15T14:51:39.013+03:00  INFO 23628 --- [ms-service-discovery] [restartedMain] [                                                 ] .e.DevToolsPropertyDefaultsPostProcessor : For additional web related logging consider setting the 'logging.level.web' property to 'DEBUG'
2024-04-15T14:51:40.627+03:00  INFO 23628 --- [ms-service-discovery] [restartedMain] [                                                 ] o.s.cloud.context.scope.GenericScope     : BeanFactory id=9797322d-1877-310d-83e7-91ac3d035c12
2024-04-15T14:51:40.738+03:00  WARN 23628 --- [ms-service-discovery] [restartedMain] [                                                 ] trationDelegate$BeanPostProcessorChecker : Bean 'org.springframework.cloud.client.loadbalancer.LoadBalancerAutoConfiguration$LoadBalancerInterceptorConfig' of type [org.springframework.cloud.client.loadbalancer.LoadBalancerAutoConfiguration$LoadBalancerInterceptorConfig] is not eligible for getting processed by all BeanPostProcessors (for example: not eligible for auto-proxying). The currently created BeanPostProcessor [lbRestClientPostProcessor] is declared through a non-static factory method on that class; consider declaring it as static instead.
2024-04-15T14:51:40.743+03:00  WARN 23628 --- [ms-service-discovery] [restartedMain] [                                                 ] trationDelegate$BeanPostProcessorChecker : Bean 'org.springframework.cloud.loadbalancer.config.BlockingLoadBalancerClientAutoConfiguration' of type [org.springframework.cloud.loadbalancer.config.BlockingLoadBalancerClientAutoConfiguration] is not eligible for getting processed by all BeanPostProcessors (for example: not eligible for auto-proxying). Is this bean getting eagerly injected into a currently created BeanPostProcessor [lbRestClientPostProcessor]? Check the corresponding BeanPostProcessor declaration and its dependencies.
2024-04-15T14:51:40.746+03:00  WARN 23628 --- [ms-service-discovery] [restartedMain] [                                                 ] trationDelegate$BeanPostProcessorChecker : Bean 'org.springframework.cloud.loadbalancer.config.LoadBalancerAutoConfiguration' of type [org.springframework.cloud.loadbalancer.config.LoadBalancerAutoConfiguration] is not eligible for getting processed by all BeanPostProcessors (for example: not eligible for auto-proxying). Is this bean getting eagerly injected into a currently created BeanPostProcessor [lbRestClientPostProcessor]? Check the corresponding BeanPostProcessor declaration and its dependencies.
2024-04-15T14:51:40.758+03:00  WARN 23628 --- [ms-service-discovery] [restartedMain] [                                                 ] trationDelegate$BeanPostProcessorChecker : Bean 'org.springframework.cloud.commons.config.CommonsConfigAutoConfiguration' of type [org.springframework.cloud.commons.config.CommonsConfigAutoConfiguration] is not eligible for getting processed by all BeanPostProcessors (for example: not eligible for auto-proxying). Is this bean getting eagerly injected into a currently created BeanPostProcessor [lbRestClientPostProcessor]? Check the corresponding BeanPostProcessor declaration and its dependencies.
2024-04-15T14:51:40.761+03:00  WARN 23628 --- [ms-service-discovery] [restartedMain] [                                                 ] trationDelegate$BeanPostProcessorChecker : Bean 'org.springframework.cloud.client.loadbalancer.LoadBalancerDefaultMappingsProviderAutoConfiguration' of type [org.springframework.cloud.client.loadbalancer.LoadBalancerDefaultMappingsProviderAutoConfiguration] is not eligible for getting processed by all BeanPostProcessors (for example: not eligible for auto-proxying). Is this bean getting eagerly injected into a currently created BeanPostProcessor [lbRestClientPostProcessor]? Check the corresponding BeanPostProcessor declaration and its dependencies.
2024-04-15T14:51:40.762+03:00  WARN 23628 --- [ms-service-discovery] [restartedMain] [                                                 ] trationDelegate$BeanPostProcessorChecker : Bean 'loadBalancerClientsDefaultsMappingsProvider' of type [org.springframework.cloud.client.loadbalancer.LoadBalancerDefaultMappingsProviderAutoConfiguration$$Lambda$551/0x00000008013b61b0] is not eligible for getting processed by all BeanPostProcessors (for example: not eligible for auto-proxying). Is this bean getting eagerly injected into a currently created BeanPostProcessor [lbRestClientPostProcessor]? Check the corresponding BeanPostProcessor declaration and its dependencies.
2024-04-15T14:51:40.765+03:00  WARN 23628 --- [ms-service-discovery] [restartedMain] [                                                 ] trationDelegate$BeanPostProcessorChecker : Bean 'defaultsBindHandlerAdvisor' of type [org.springframework.cloud.commons.config.DefaultsBindHandlerAdvisor] is not eligible for getting processed by all BeanPostProcessors (for example: not eligible for auto-proxying). Is this bean getting eagerly injected into a currently created BeanPostProcessor [lbRestClientPostProcessor]? Check the corresponding BeanPostProcessor declaration and its dependencies.
2024-04-15T14:51:40.777+03:00  WARN 23628 --- [ms-service-discovery] [restartedMain] [                                                 ] trationDelegate$BeanPostProcessorChecker : Bean 'spring.cloud.loadbalancer-org.springframework.cloud.client.loadbalancer.LoadBalancerClientsProperties' of type [org.springframework.cloud.client.loadbalancer.LoadBalancerClientsProperties] is not eligible for getting processed by all BeanPostProcessors (for example: not eligible for auto-proxying). Is this bean getting eagerly injected into a currently created BeanPostProcessor [lbRestClientPostProcessor]? Check the corresponding BeanPostProcessor declaration and its dependencies.
2024-04-15T14:51:40.785+03:00  WARN 23628 --- [ms-service-discovery] [restartedMain] [                                                 ] trationDelegate$BeanPostProcessorChecker : Bean 'default.org.springframework.cloud.loadbalancer.config.LoadBalancerAutoConfiguration.LoadBalancerClientSpecification' of type [org.springframework.cloud.loadbalancer.annotation.LoadBalancerClientSpecification] is not eligible for getting processed by all BeanPostProcessors (for example: not eligible for auto-proxying). Is this bean getting eagerly injected into a currently created BeanPostProcessor [lbRestClientPostProcessor]? Check the corresponding BeanPostProcessor declaration and its dependencies.
2024-04-15T14:51:40.786+03:00  WARN 23628 --- [ms-service-discovery] [restartedMain] [                                                 ] trationDelegate$BeanPostProcessorChecker : Bean 'default.org.springframework.cloud.loadbalancer.config.BlockingLoadBalancerClientAutoConfiguration.LoadBalancerClientSpecification' of type [org.springframework.cloud.loadbalancer.annotation.LoadBalancerClientSpecification] is not eligible for getting processed by all BeanPostProcessors (for example: not eligible for auto-proxying). Is this bean getting eagerly injected into a currently created BeanPostProcessor [lbRestClientPostProcessor]? Check the corresponding BeanPostProcessor declaration and its dependencies.
2024-04-15T14:51:40.786+03:00  WARN 23628 --- [ms-service-discovery] [restartedMain] [                                                 ] trationDelegate$BeanPostProcessorChecker : Bean 'default.org.springframework.cloud.netflix.eureka.loadbalancer.LoadBalancerEurekaAutoConfiguration.LoadBalancerClientSpecification' of type [org.springframework.cloud.loadbalancer.annotation.LoadBalancerClientSpecification] is not eligible for getting processed by all BeanPostProcessors (for example: not eligible for auto-proxying). Is this bean getting eagerly injected into a currently created BeanPostProcessor [lbRestClientPostProcessor]? Check the corresponding BeanPostProcessor declaration and its dependencies.
2024-04-15T14:51:40.789+03:00  WARN 23628 --- [ms-service-discovery] [restartedMain] [                                                 ] trationDelegate$BeanPostProcessorChecker : Bean 'loadBalancerClientFactory' of type [org.springframework.cloud.loadbalancer.support.LoadBalancerClientFactory] is not eligible for getting processed by all BeanPostProcessors (for example: not eligible for auto-proxying). Is this bean getting eagerly injected into a currently created BeanPostProcessor [lbRestClientPostProcessor]? Check the corresponding BeanPostProcessor declaration and its dependencies.
2024-04-15T14:51:40.793+03:00  WARN 23628 --- [ms-service-discovery] [restartedMain] [                                                 ] trationDelegate$BeanPostProcessorChecker : Bean 'blockingLoadBalancerClient' of type [org.springframework.cloud.loadbalancer.blocking.client.BlockingLoadBalancerClient] is not eligible for getting processed by all BeanPostProcessors (for example: not eligible for auto-proxying). Is this bean getting eagerly injected into a currently created BeanPostProcessor [lbRestClientPostProcessor]? Check the corresponding BeanPostProcessor declaration and its dependencies.
2024-04-15T14:51:40.802+03:00  WARN 23628 --- [ms-service-discovery] [restartedMain] [                                                 ] trationDelegate$BeanPostProcessorChecker : Bean 'loadBalancerServiceInstanceCookieTransformer' of type [org.springframework.cloud.loadbalancer.core.LoadBalancerServiceInstanceCookieTransformer] is not eligible for getting processed by all BeanPostProcessors (for example: not eligible for auto-proxying). Is this bean getting eagerly injected into a currently created BeanPostProcessor [lbRestClientPostProcessor]? Check the corresponding BeanPostProcessor declaration and its dependencies.
2024-04-15T14:51:40.804+03:00  WARN 23628 --- [ms-service-discovery] [restartedMain] [                                                 ] trationDelegate$BeanPostProcessorChecker : Bean 'xForwarderHeadersTransformer' of type [org.springframework.cloud.loadbalancer.blocking.XForwardedHeadersTransformer] is not eligible for getting processed by all BeanPostProcessors (for example: not eligible for auto-proxying). Is this bean getting eagerly injected into a currently created BeanPostProcessor [lbRestClientPostProcessor]? Check the corresponding BeanPostProcessor declaration and its dependencies.
2024-04-15T14:51:40.805+03:00  WARN 23628 --- [ms-service-discovery] [restartedMain] [                                                 ] trationDelegate$BeanPostProcessorChecker : Bean 'org.springframework.cloud.client.loadbalancer.LoadBalancerAutoConfiguration' of type [org.springframework.cloud.client.loadbalancer.LoadBalancerAutoConfiguration] is not eligible for getting processed by all BeanPostProcessors (for example: not eligible for auto-proxying). Is this bean getting eagerly injected into a currently created BeanPostProcessor [lbRestClientPostProcessor]? Check the corresponding BeanPostProcessor declaration and its dependencies.
2024-04-15T14:51:40.807+03:00  WARN 23628 --- [ms-service-discovery] [restartedMain] [                                                 ] trationDelegate$BeanPostProcessorChecker : Bean 'loadBalancerRequestFactory' of type [org.springframework.cloud.client.loadbalancer.LoadBalancerRequestFactory] is not eligible for getting processed by all BeanPostProcessors (for example: not eligible for auto-proxying). Is this bean getting eagerly injected into a currently created BeanPostProcessor [lbRestClientPostProcessor]? Check the corresponding BeanPostProcessor declaration and its dependencies.
2024-04-15T14:51:40.808+03:00  WARN 23628 --- [ms-service-discovery] [restartedMain] [                                                 ] trationDelegate$BeanPostProcessorChecker : Bean 'loadBalancerInterceptor' of type [org.springframework.cloud.client.loadbalancer.LoadBalancerInterceptor] is not eligible for getting processed by all BeanPostProcessors (for example: not eligible for auto-proxying). Is this bean getting eagerly injected into a currently created BeanPostProcessor [lbRestClientPostProcessor]? Check the corresponding BeanPostProcessor declaration and its dependencies.
2024-04-15T14:51:41.343+03:00  INFO 23628 --- [ms-service-discovery] [restartedMain] [                                                 ] o.s.b.w.embedded.tomcat.TomcatWebServer  : Tomcat initialized with port 8761 (http)
2024-04-15T14:51:41.354+03:00  INFO 23628 --- [ms-service-discovery] [restartedMain] [                                                 ] o.apache.catalina.core.StandardService   : Starting service [Tomcat]
2024-04-15T14:51:41.354+03:00  INFO 23628 --- [ms-service-discovery] [restartedMain] [                                                 ] o.apache.catalina.core.StandardEngine    : Starting Servlet engine: [Apache Tomcat/10.1.16]
2024-04-15T14:51:41.480+03:00  INFO 23628 --- [ms-service-discovery] [restartedMain] [                                                 ] o.a.c.c.C.[Tomcat].[localhost].[/]       : Initializing Spring embedded WebApplicationContext
2024-04-15T14:51:41.480+03:00  INFO 23628 --- [ms-service-discovery] [restartedMain] [                                                 ] w.s.c.ServletWebServerApplicationContext : Root WebApplicationContext: initialization completed in 2466 ms
2024-04-15T14:51:42.807+03:00  INFO 23628 --- [ms-service-discovery] [restartedMain] [                                                 ] c.n.d.provider.DiscoveryJerseyProvider   : Using JSON encoding codec LegacyJacksonJson
2024-04-15T14:51:42.809+03:00  INFO 23628 --- [ms-service-discovery] [restartedMain] [                                                 ] c.n.d.provider.DiscoveryJerseyProvider   : Using JSON decoding codec LegacyJacksonJson
2024-04-15T14:51:43.029+03:00  INFO 23628 --- [ms-service-discovery] [restartedMain] [                                                 ] c.n.d.provider.DiscoveryJerseyProvider   : Using XML encoding codec XStreamXml
2024-04-15T14:51:43.029+03:00  INFO 23628 --- [ms-service-discovery] [restartedMain] [                                                 ] c.n.d.provider.DiscoveryJerseyProvider   : Using XML decoding codec XStreamXml
2024-04-15T14:51:44.531+03:00  INFO 23628 --- [ms-service-discovery] [restartedMain] [                                                 ] o.s.b.d.a.OptionalLiveReloadServer       : LiveReload server is running on port 35729
2024-04-15T14:51:44.853+03:00  WARN 23628 --- [ms-service-discovery] [restartedMain] [                                                 ] iguration$LoadBalancerCaffeineWarnLogger : Spring Cloud LoadBalancer is currently working with the default cache. While this cache implementation is useful for development and tests, it's recommended to use Caffeine cache in production.You can switch to using Caffeine cache, by adding it and org.springframework.cache.caffeine.CaffeineCacheManager to the classpath.
2024-04-15T14:51:44.877+03:00  INFO 23628 --- [ms-service-discovery] [restartedMain] [                                                 ] o.s.c.n.eureka.InstanceInfoFactory       : Setting initial instance status as: STARTING
2024-04-15T14:51:44.915+03:00  INFO 23628 --- [ms-service-discovery] [restartedMain] [                                                 ] com.netflix.discovery.DiscoveryClient    : Initializing Eureka in region us-east-1
2024-04-15T14:51:44.915+03:00  INFO 23628 --- [ms-service-discovery] [restartedMain] [                                                 ] com.netflix.discovery.DiscoveryClient    : Client configured to neither register nor query for data.
2024-04-15T14:51:44.930+03:00  INFO 23628 --- [ms-service-discovery] [restartedMain] [                                                 ] com.netflix.discovery.DiscoveryClient    : Discovery Client initialized at timestamp 1713181904928 with initial instances count: 0
2024-04-15T14:51:44.979+03:00  INFO 23628 --- [ms-service-discovery] [restartedMain] [                                                 ] c.n.eureka.DefaultEurekaServerContext    : Initializing ...
2024-04-15T14:51:44.981+03:00  INFO 23628 --- [ms-service-discovery] [restartedMain] [                                                 ] c.n.eureka.cluster.PeerEurekaNodes       : Adding new peer nodes [http://localhost:8761/eureka/]
2024-04-15T14:51:45.028+03:00  INFO 23628 --- [ms-service-discovery] [restartedMain] [                                                 ] c.n.d.provider.DiscoveryJerseyProvider   : Using JSON encoding codec LegacyJacksonJson
2024-04-15T14:51:45.029+03:00  INFO 23628 --- [ms-service-discovery] [restartedMain] [                                                 ] c.n.d.provider.DiscoveryJerseyProvider   : Using JSON decoding codec LegacyJacksonJson
2024-04-15T14:51:45.029+03:00  INFO 23628 --- [ms-service-discovery] [restartedMain] [                                                 ] c.n.d.provider.DiscoveryJerseyProvider   : Using XML encoding codec XStreamXml
2024-04-15T14:51:45.029+03:00  INFO 23628 --- [ms-service-discovery] [restartedMain] [                                                 ] c.n.d.provider.DiscoveryJerseyProvider   : Using XML decoding codec XStreamXml
2024-04-15T14:51:45.083+03:00  INFO 23628 --- [ms-service-discovery] [restartedMain] [                                                 ] c.n.eureka.cluster.PeerEurekaNodes       : Replica node URL:  http://localhost:8761/eureka/
2024-04-15T14:51:45.093+03:00  INFO 23628 --- [ms-service-discovery] [restartedMain] [                                                 ] c.n.e.registry.AbstractInstanceRegistry  : Finished initializing remote region registries. All known remote regions: []
2024-04-15T14:51:45.095+03:00  INFO 23628 --- [ms-service-discovery] [restartedMain] [                                                 ] c.n.eureka.DefaultEurekaServerContext    : Initialized
2024-04-15T14:51:45.110+03:00  INFO 23628 --- [ms-service-discovery] [restartedMain] [                                                 ] o.s.b.a.e.web.EndpointLinksResolver      : Exposing 18 endpoint(s) beneath base path '/actuator'
2024-04-15T14:51:45.215+03:00  INFO 23628 --- [ms-service-discovery] [restartedMain] [                                                 ] o.s.c.n.e.s.EurekaServiceRegistry        : Registering application MS-SERVICE-DISCOVERY with eureka with status UP
2024-04-15T14:51:45.233+03:00  INFO 23628 --- [ms-service-discovery] [Thread-15] [                                                 ] o.s.c.n.e.server.EurekaServerBootstrap   : isAws returned false
2024-04-15T14:51:45.234+03:00  INFO 23628 --- [ms-service-discovery] [Thread-15] [                                                 ] o.s.c.n.e.server.EurekaServerBootstrap   : Initialized server context
2024-04-15T14:51:45.234+03:00  INFO 23628 --- [ms-service-discovery] [Thread-15] [                                                 ] c.n.e.r.PeerAwareInstanceRegistryImpl    : Got 1 instances from neighboring DS node
2024-04-15T14:51:45.234+03:00  INFO 23628 --- [ms-service-discovery] [Thread-15] [                                                 ] c.n.e.r.PeerAwareInstanceRegistryImpl    : Renew threshold is: 1
2024-04-15T14:51:45.234+03:00  INFO 23628 --- [ms-service-discovery] [Thread-15] [                                                 ] c.n.e.r.PeerAwareInstanceRegistryImpl    : Changing status to UP
2024-04-15T14:51:45.243+03:00  INFO 23628 --- [ms-service-discovery] [Thread-15] [                                                 ] e.s.EurekaServerInitializerConfiguration : Started Eureka Server
2024-04-15T14:51:45.248+03:00  INFO 23628 --- [ms-service-discovery] [restartedMain] [                                                 ] o.s.b.w.embedded.tomcat.TomcatWebServer  : Tomcat started on port 8761 (http) with context path ''
2024-04-15T14:51:45.250+03:00  INFO 23628 --- [ms-service-discovery] [restartedMain] [                                                 ] .s.c.n.e.s.EurekaAutoServiceRegistration : Updating port to 8761
2024-04-15T14:51:45.565+03:00  INFO 23628 --- [ms-service-discovery] [restartedMain] [                                                 ] c.s.s.ServiceDiscoveryApplication        : Started ServiceDiscoveryApplication in 7.439 seconds (process running for 22.796)
2024-04-15T14:51:49.544+03:00  INFO 23628 --- [ms-service-discovery] [http-nio-8761-exec-1] [                                                 ] o.a.c.c.C.[Tomcat].[localhost].[/]       : Initializing Spring DispatcherServlet 'dispatcherServlet'
2024-04-15T14:51:49.544+03:00  INFO 23628 --- [ms-service-discovery] [http-nio-8761-exec-1] [                                                 ] o.s.web.servlet.DispatcherServlet        : Initializing Servlet 'dispatcherServlet'
2024-04-15T14:51:49.546+03:00  INFO 23628 --- [ms-service-discovery] [http-nio-8761-exec-1] [                                                 ] o.s.web.servlet.DispatcherServlet        : Completed initialization in 1 ms
2024-04-15T14:51:49.886+03:00  INFO 23628 --- [ms-service-discovery] [http-nio-8761-exec-2] [661d14d50382ca40b7fc4923938d86d5-b7fc4923938d86d5] c.n.e.registry.AbstractInstanceRegistry  : Registered instance MS-NEWS/host.docker.internal:ms-news:8083 with status UP (replication=false)
2024-04-15T14:51:50.576+03:00  INFO 23628 --- [ms-service-discovery] [http-nio-8761-exec-3] [661d14d6b27c3b932be4980f4f7124d7-2be4980f4f7124d7] c.n.e.registry.AbstractInstanceRegistry  : Registered instance MS-NEWS/host.docker.internal:ms-news:8083 with status UP (replication=true)
2024-04-15T14:51:50.732+03:00  WARN 23628 --- [ms-service-discovery] [AsyncReporter{org.springframework.boot.actuate.autoconfigure.tracing.zipkin.ZipkinRestTemplateSender@2ff3eaa0}] [                                                 ] z.r.AsyncReporter$BoundedAsyncReporter   : Spans were dropped due to exceptions. All subsequent errors will be logged at FINE level.
2024-04-15T14:51:50.733+03:00  WARN 23628 --- [ms-service-discovery] [AsyncReporter{org.springframework.boot.actuate.autoconfigure.tracing.zipkin.ZipkinRestTemplateSender@2ff3eaa0}] [                                                 ] z.r.AsyncReporter$BoundedAsyncReporter   : Dropped 3 spans due to ResourceAccessException(I/O error on POST request for "http://localhost:9411/api/v2/spans": Connect to http://localhost:9411 [localhost/127.0.0.1, localhost/0:0:0:0:0:0:0:1] failed: Connection refused: no further information)

org.springframework.web.client.ResourceAccessException: I/O error on POST request for "http://localhost:9411/api/v2/spans": Connect to http://localhost:9411 [localhost/127.0.0.1, localhost/0:0:0:0:0:0:0:1] failed: Connection refused: no further information
	at org.springframework.web.client.RestTemplate.createResourceAccessException(RestTemplate.java:905) ~[spring-web-6.1.1.jar:6.1.1]
	at org.springframework.web.client.RestTemplate.doExecute(RestTemplate.java:885) ~[spring-web-6.1.1.jar:6.1.1]
	at org.springframework.web.client.RestTemplate.execute(RestTemplate.java:781) ~[spring-web-6.1.1.jar:6.1.1]
	at org.springframework.web.client.RestTemplate.exchange(RestTemplate.java:663) ~[spring-web-6.1.1.jar:6.1.1]
	at org.springframework.boot.actuate.autoconfigure.tracing.zipkin.ZipkinRestTemplateSender$RestTemplateHttpPostCall.doExecute(ZipkinRestTemplateSender.java:68) ~[spring-boot-actuator-autoconfigure-3.2.0.jar:3.2.0]
	at org.springframework.boot.actuate.autoconfigure.tracing.zipkin.ZipkinRestTemplateSender$RestTemplateHttpPostCall.doExecute(ZipkinRestTemplateSender.java:48) ~[spring-boot-actuator-autoconfigure-3.2.0.jar:3.2.0]
	at zipkin2.Call$Base.execute(Call.java:391) ~[zipkin-2.23.2.jar:na]
	at zipkin2.reporter.AsyncReporter$BoundedAsyncReporter.flush(AsyncReporter.java:299) ~[zipkin-reporter-2.16.3.jar:na]
	at zipkin2.reporter.AsyncReporter$Flusher.run(AsyncReporter.java:378) ~[zipkin-reporter-2.16.3.jar:na]
	at java.base/java.lang.Thread.run(Thread.java:1589) ~[na:na]
Caused by: org.apache.hc.client5.http.HttpHostConnectException: Connect to http://localhost:9411 [localhost/127.0.0.1, localhost/0:0:0:0:0:0:0:1] failed: Connection refused: no further information
	at java.base/sun.nio.ch.Net.pollConnect(Native Method) ~[na:na]
	at java.base/sun.nio.ch.Net.pollConnectNow(Net.java:672) ~[na:na]
	at java.base/sun.nio.ch.NioSocketImpl.timedFinishConnect(NioSocketImpl.java:535) ~[na:na]
	at java.base/sun.nio.ch.NioSocketImpl.connect(NioSocketImpl.java:585) ~[na:na]
	at java.base/java.net.SocksSocketImpl.connect(SocksSocketImpl.java:327) ~[na:na]
	at java.base/java.net.Socket.connect(Socket.java:666) ~[na:na]
	at org.apache.hc.client5.http.socket.PlainConnectionSocketFactory.lambda$connectSocket$0(PlainConnectionSocketFactory.java:85) ~[httpclient5-5.2.1.jar:5.2.1]
	at java.base/java.security.AccessController.doPrivileged(AccessController.java:569) ~[na:na]
	at org.apache.hc.client5.http.socket.PlainConnectionSocketFactory.connectSocket(PlainConnectionSocketFactory.java:84) ~[httpclient5-5.2.1.jar:5.2.1]
	at org.apache.hc.client5.http.socket.ConnectionSocketFactory.connectSocket(ConnectionSocketFactory.java:113) ~[httpclient5-5.2.1.jar:5.2.1]
	at org.apache.hc.client5.http.impl.io.DefaultHttpClientConnectionOperator.connect(DefaultHttpClientConnectionOperator.java:181) ~[httpclient5-5.2.1.jar:5.2.1]
	at org.apache.hc.client5.http.impl.io.PoolingHttpClientConnectionManager.connect(PoolingHttpClientConnectionManager.java:447) ~[httpclient5-5.2.1.jar:5.2.1]
	at org.apache.hc.client5.http.impl.classic.InternalExecRuntime.connectEndpoint(InternalExecRuntime.java:162) ~[httpclient5-5.2.1.jar:5.2.1]
	at org.apache.hc.client5.http.impl.classic.InternalExecRuntime.connectEndpoint(InternalExecRuntime.java:172) ~[httpclient5-5.2.1.jar:5.2.1]
	at org.apache.hc.client5.http.impl.classic.ConnectExec.execute(ConnectExec.java:142) ~[httpclient5-5.2.1.jar:5.2.1]
	at org.apache.hc.client5.http.impl.classic.ExecChainElement.execute(ExecChainElement.java:51) ~[httpclient5-5.2.1.jar:5.2.1]
	at org.apache.hc.client5.http.impl.classic.ProtocolExec.execute(ProtocolExec.java:192) ~[httpclient5-5.2.1.jar:5.2.1]
	at org.apache.hc.client5.http.impl.classic.ExecChainElement.execute(ExecChainElement.java:51) ~[httpclient5-5.2.1.jar:5.2.1]
	at org.apache.hc.client5.http.impl.classic.HttpRequestRetryExec.execute(HttpRequestRetryExec.java:96) ~[httpclient5-5.2.1.jar:5.2.1]
	at org.apache.hc.client5.http.impl.classic.ExecChainElement.execute(ExecChainElement.java:51) ~[httpclient5-5.2.1.jar:5.2.1]
	at org.apache.hc.client5.http.impl.classic.ContentCompressionExec.execute(ContentCompressionExec.java:152) ~[httpclient5-5.2.1.jar:5.2.1]
	at org.apache.hc.client5.http.impl.classic.ExecChainElement.execute(ExecChainElement.java:51) ~[httpclient5-5.2.1.jar:5.2.1]
	at org.apache.hc.client5.http.impl.classic.RedirectExec.execute(RedirectExec.java:115) ~[httpclient5-5.2.1.jar:5.2.1]
	at org.apache.hc.client5.http.impl.classic.ExecChainElement.execute(ExecChainElement.java:51) ~[httpclient5-5.2.1.jar:5.2.1]
	at org.apache.hc.client5.http.impl.classic.InternalHttpClient.doExecute(InternalHttpClient.java:170) ~[httpclient5-5.2.1.jar:5.2.1]
	at org.apache.hc.client5.http.impl.classic.CloseableHttpClient.execute(CloseableHttpClient.java:87) ~[httpclient5-5.2.1.jar:5.2.1]
	at org.apache.hc.client5.http.impl.classic.CloseableHttpClient.execute(CloseableHttpClient.java:55) ~[httpclient5-5.2.1.jar:5.2.1]
	at org.apache.hc.client5.http.classic.HttpClient.executeOpen(HttpClient.java:183) ~[httpclient5-5.2.1.jar:5.2.1]
	at org.springframework.http.client.HttpComponentsClientHttpRequest.executeInternal(HttpComponentsClientHttpRequest.java:95) ~[spring-web-6.1.1.jar:6.1.1]
	at org.springframework.http.client.AbstractStreamingClientHttpRequest.executeInternal(AbstractStreamingClientHttpRequest.java:70) ~[spring-web-6.1.1.jar:6.1.1]
	at org.springframework.http.client.AbstractClientHttpRequest.execute(AbstractClientHttpRequest.java:66) ~[spring-web-6.1.1.jar:6.1.1]
	at org.springframework.web.client.RestTemplate.doExecute(RestTemplate.java:879) ~[spring-web-6.1.1.jar:6.1.1]
	... 8 common frames omitted

2024-04-15T14:52:45.235+03:00  INFO 23628 --- [ms-service-discovery] [Eureka-EvictionTimer] [                                                 ] c.n.e.registry.AbstractInstanceRegistry  : Running the evict task with compensationTime 0ms
2024-04-15T14:53:45.235+03:00  INFO 23628 --- [ms-service-discovery] [Eureka-EvictionTimer] [                                                 ] c.n.e.registry.AbstractInstanceRegistry  : Running the evict task with compensationTime 0ms
2024-04-15T14:54:06.653+03:00  INFO 23628 --- [ms-service-discovery] [http-nio-8761-exec-6] [661d155eb6bb87c17369411728171cce-7369411728171cce] c.n.e.registry.AbstractInstanceRegistry  : Registered instance MS-NEWS/host.docker.internal:ms-news:8083 with status DOWN (replication=false)
2024-04-15T14:54:06.696+03:00  INFO 23628 --- [ms-service-discovery] [SpringApplicationShutdownHook] [                                                 ] o.s.c.n.e.s.EurekaServiceRegistry        : Unregistering application MS-SERVICE-DISCOVERY with eureka with status DOWN
2024-04-15T14:54:06.743+03:00  INFO 23628 --- [ms-service-discovery] [SpringApplicationShutdownHook] [                                                 ] o.s.c.n.e.server.EurekaServerBootstrap   : Shutting down Eureka Server..
2024-04-15T14:54:06.747+03:00  INFO 23628 --- [ms-service-discovery] [SpringApplicationShutdownHook] [                                                 ] c.n.eureka.DefaultEurekaServerContext    : Shutting down ...
2024-04-15T14:54:06.759+03:00  INFO 23628 --- [ms-service-discovery] [SpringApplicationShutdownHook] [                                                 ] c.n.eureka.DefaultEurekaServerContext    : Shut down
2024-04-15T14:54:06.760+03:00  INFO 23628 --- [ms-service-discovery] [SpringApplicationShutdownHook] [                                                 ] o.s.c.n.e.server.EurekaServerBootstrap   : Eureka Service is now shutdown...
2024-04-15T14:54:06.761+03:00  INFO 23628 --- [ms-service-discovery] [SpringApplicationShutdownHook] [                                                 ] c.n.eureka.DefaultEurekaServerContext    : Shutting down ...
2024-04-15T14:54:06.766+03:00  INFO 23628 --- [ms-service-discovery] [SpringApplicationShutdownHook] [                                                 ] c.n.eureka.DefaultEurekaServerContext    : Shut down
2024-04-15T14:54:07.275+03:00  INFO 23628 --- [ms-service-discovery] [SpringApplicationShutdownHook] [                                                 ] com.netflix.discovery.DiscoveryClient    : Shutting down DiscoveryClient ...
2024-04-15T14:54:07.276+03:00  INFO 23628 --- [ms-service-discovery] [SpringApplicationShutdownHook] [                                                 ] com.netflix.discovery.DiscoveryClient    : Completed shut down of DiscoveryClient
